Using pre-set license
Built from '2021.3/staging' branch; Version is '2021.3.26f1 (a16dc32e0ff2) revision 10579395'; Using compiler version '192829333'; Build Type 'Release'
OS: 'Windows 11  (10.0.22621) 64bit Professional' Language: 'ru' Physical Memory: 32690 MB
BatchMode: 1, IsHumanControllingUs: 0, StartBugReporterOnCrash: 0, Is64bit: 1, IsPro: 1

COMMAND LINE ARGUMENTS:
F:\2021.3.26f1\Editor\Unity.exe
-adb2
-batchMode
-noUpm
-name
AssetImportWorker8
-projectPath
C:/Users/user/Desktop/git/Unity-test-task/ТЗ
-logFile
Logs/AssetImportWorker8.log
-srvPort
49798
Successfully changed project path to: C:/Users/user/Desktop/git/Unity-test-task/ТЗ
C:/Users/user/Desktop/git/Unity-test-task/ТЗ
[UnityMemory] Configuration Parameters - Can be set up in boot.config
    "memorysetup-bucket-allocator-granularity=16"
    "memorysetup-bucket-allocator-bucket-count=8"
    "memorysetup-bucket-allocator-block-size=33554432"
    "memorysetup-bucket-allocator-block-count=8"
    "memorysetup-main-allocator-block-size=16777216"
    "memorysetup-thread-allocator-block-size=16777216"
    "memorysetup-gfx-main-allocator-block-size=16777216"
    "memorysetup-gfx-thread-allocator-block-size=16777216"
    "memorysetup-cache-allocator-block-size=4194304"
    "memorysetup-typetree-allocator-block-size=2097152"
    "memorysetup-profiler-bucket-allocator-granularity=16"
    "memorysetup-profiler-bucket-allocator-bucket-count=8"
    "memorysetup-profiler-bucket-allocator-block-size=33554432"
    "memorysetup-profiler-bucket-allocator-block-count=8"
    "memorysetup-profiler-allocator-block-size=16777216"
    "memorysetup-profiler-editor-allocator-block-size=1048576"
    "memorysetup-temp-allocator-size-main=16777216"
    "memorysetup-job-temp-allocator-block-size=2097152"
    "memorysetup-job-temp-allocator-block-size-background=1048576"
    "memorysetup-job-temp-allocator-reduction-small-platforms=262144"
    "memorysetup-temp-allocator-size-background-worker=32768"
    "memorysetup-temp-allocator-size-job-worker=262144"
    "memorysetup-temp-allocator-size-preload-manager=33554432"
    "memorysetup-temp-allocator-size-nav-mesh-worker=65536"
    "memorysetup-temp-allocator-size-audio-worker=65536"
    "memorysetup-temp-allocator-size-cloud-worker=32768"
    "memorysetup-temp-allocator-size-gi-baking-worker=262144"
    "memorysetup-temp-allocator-size-gfx=262144"
Player connection [12140] Host "[IP] 192.168.1.89 [Port] 0 [Flags] 2 [Guid] 483957842 [EditorId] 483957842 [Version] 1048832 [Id] WindowsEditor(7,Pewnoy) [Debug] 1 [PackageName] WindowsEditor [ProjectName] Editor" joined multi-casting on [225.0.0.222:54997]...

Player connection [12140] Host "[IP] 192.168.1.89 [Port] 0 [Flags] 2 [Guid] 483957842 [EditorId] 483957842 [Version] 1048832 [Id] WindowsEditor(7,Pewnoy) [Debug] 1 [PackageName] WindowsEditor [ProjectName] Editor" joined alternative multi-casting on [225.0.0.222:34997]...

Refreshing native plugins compatible for Editor in 65.41 ms, found 3 plugins.
Preloading 0 native plugins for Editor in 0.00 ms.
Initialize engine version: 2021.3.26f1 (a16dc32e0ff2)
[Subsystems] Discovering subsystems at path F:/2021.3.26f1/Editor/Data/Resources/UnitySubsystems
[Subsystems] Discovering subsystems at path C:/Users/user/Desktop/git/Unity-test-task/ТЗ/Assets
GfxDevice: creating device client; threaded=0; jobified=0
Direct3D:
    Version:  Direct3D 11.0 [level 11.1]
    Renderer: NVIDIA GeForce RTX 4060 Ti (ID=0x2803)
    Vendor:   NVIDIA
    VRAM:     7949 MB
    Driver:   32.0.15.6636
Initialize mono
Mono path[0] = 'F:/2021.3.26f1/Editor/Data/Managed'
Mono path[1] = 'F:/2021.3.26f1/Editor/Data/MonoBleedingEdge/lib/mono/unityjit-win32'
Mono config path = 'F:/2021.3.26f1/Editor/Data/MonoBleedingEdge/etc'
Using monoOptions --debugger-agent=transport=dt_socket,embedding=1,server=y,suspend=n,address=127.0.0.1:56420
Begin MonoManager ReloadAssembly
Registering precompiled unity dll's ...
Register platform support module: F:/2021.3.26f1/Editor/Data/PlaybackEngines/WindowsStandaloneSupport/UnityEditor.WindowsStandalone.Extensions.dll
Registered in 0.001429 seconds.
Native extension for WindowsStandalone target not found
Refreshing native plugins compatible for Editor in 49.21 ms, found 3 plugins.
Preloading 0 native plugins for Editor in 0.00 ms.
Mono: successfully reloaded assembly
- Completed reload, in  0.428 seconds
Domain Reload Profiling:
	ReloadAssembly (429ms)
		BeginReloadAssembly (69ms)
			ExecutionOrderSort (0ms)
			DisableScriptedObjects (0ms)
			BackupInstance (0ms)
			ReleaseScriptingObjects (0ms)
			CreateAndSetChildDomain (1ms)
		EndReloadAssembly (299ms)
			LoadAssemblies (68ms)
			RebuildTransferFunctionScriptingTraits (0ms)
			SetupTypeCache (70ms)
			ReleaseScriptCaches (0ms)
			RebuildScriptCaches (19ms)
			SetupLoadedEditorAssemblies (175ms)
				LogAssemblyErrors (0ms)
				InitializePlatformSupportModulesInManaged (5ms)
				SetLoadedEditorAssemblies (0ms)
				RefreshPlugins (49ms)
				BeforeProcessingInitializeOnLoad (1ms)
				ProcessInitializeOnLoadAttributes (86ms)
				ProcessInitializeOnLoadMethodAttributes (34ms)
				AfterProcessingInitializeOnLoad (0ms)
				EditorAssembliesLoaded (0ms)
			ExecutionOrderSort2 (0ms)
			AwakeInstancesAfterBackupRestoration (0ms)
Platform modules already initialized, skipping
Registering precompiled user dll's ...
Registered in 0.004245 seconds.
Begin MonoManager ReloadAssembly
Symbol file LoadedFromMemory doesn't match image C:\Users\user\Desktop\git\Unity-test-task\ТЗ\Library\PackageCache\com.unity.visualscripting@1.8.0\Editor\VisualScripting.Core\Dependencies\YamlDotNet\Unity.VisualScripting.YamlDotNet.dll
Symbol file LoadedFromMemory doesn't match image C:\Users\user\Desktop\git\Unity-test-task\ТЗ\Library\PackageCache\com.unity.visualscripting@1.8.0\Editor\VisualScripting.Core\Dependencies\DotNetZip\Unity.VisualScripting.IonicZip.dll
Native extension for WindowsStandalone target not found
Refreshing native plugins compatible for Editor in 0.52 ms, found 3 plugins.
Preloading 0 native plugins for Editor in 0.00 ms.
Mono: successfully reloaded assembly
- Completed reload, in  0.670 seconds
Domain Reload Profiling:
	ReloadAssembly (671ms)
		BeginReloadAssembly (89ms)
			ExecutionOrderSort (0ms)
			DisableScriptedObjects (4ms)
			BackupInstance (0ms)
			ReleaseScriptingObjects (0ms)
			CreateAndSetChildDomain (16ms)
		EndReloadAssembly (511ms)
			LoadAssemblies (68ms)
			RebuildTransferFunctionScriptingTraits (0ms)
			SetupTypeCache (172ms)
			ReleaseScriptCaches (0ms)
			RebuildScriptCaches (32ms)
			SetupLoadedEditorAssemblies (225ms)
				LogAssemblyErrors (0ms)
				InitializePlatformSupportModulesInManaged (3ms)
				SetLoadedEditorAssemblies (0ms)
				RefreshPlugins (1ms)
				BeforeProcessingInitializeOnLoad (49ms)
				ProcessInitializeOnLoadAttributes (156ms)
				ProcessInitializeOnLoadMethodAttributes (14ms)
				AfterProcessingInitializeOnLoad (1ms)
				EditorAssembliesLoaded (0ms)
			ExecutionOrderSort2 (0ms)
			AwakeInstancesAfterBackupRestoration (6ms)
Platform modules already initialized, skipping
========================================================================
Worker process is ready to serve import requests
Launched and connected shader compiler UnityShaderCompiler.exe after 0.04 seconds
Refreshing native plugins compatible for Editor in 0.52 ms, found 3 plugins.
Preloading 0 native plugins for Editor in 0.00 ms.
Unloading 3051 Unused Serialized files (Serialized files now loaded: 0)
Unloading 21 unused Assets / (30.2 KB). Loaded Objects now: 3540.
Memory consumption went from 127.5 MB to 127.5 MB.
Total: 2.569400 ms (FindLiveObjects: 0.194100 ms CreateObjectMapping: 0.118100 ms MarkObjects: 2.232200 ms  DeleteObjects: 0.023600 ms)

AssetImportParameters requested are different than current active one (requested -> active):
  custom:video-decoder-ogg-theora: a1e56fd34408186e4bbccfd4996cb3dc -> 
  custom:container-muxer-webm: aa71ff27fc2769a1b78a27578f13a17b -> 
  custom:container-demuxer-webm: 4f35f7cbe854078d1ac9338744f61a02 -> 
  custom:video-encoder-webm-vp8: eb34c28f22e8b96e1ab97ce403110664 -> 
  custom:video-codec-MediaFoundation-h265: 746d11721c4dcdbdad8f713fa42b33f4 -> 
  custom:audio-encoder-webm-vorbis: bf7c407c2cedff20999df2af8eb42d56 -> 
  custom:framework-win-MediaFoundation: 216162199b28c13a410421893ffa2e32 -> 
  custom:container-demuxer-ogg: 62fdf1f143b41e24485cea50d1cbac27 -> 
  custom:video-decoder-webm-vp8: 9c59270c3fd7afecdb556c50c9e8de78 -> 
  custom:audio-decoder-ogg-vorbis: bf7c407c2cedff20999df2af8eb42d56 -> 
========================================================================
Received Import Request.
  Time since last request: 151125.037454 seconds.
  path: Assets/material/road.png
  artifactKey: Guid(81da0b8e51da84343b7a6ab190c08ff5) Importer(815301076,1909f56bfc062723c751e8b465ee728b)
Start importing Assets/material/road.png using Guid(81da0b8e51da84343b7a6ab190c08ff5) Importer(815301076,1909f56bfc062723c751e8b465ee728b)  -> (artifact id: '66e48ba200d5463bac9c14d2fb559d41') in 0.059519 seconds 
========================================================================
Received Import Request.
  Time since last request: 32.531812 seconds.
  path: Assets/material/New Material 1.mat
  artifactKey: Guid(c036763359b648947af0fc2034a04921) Importer(815301076,1909f56bfc062723c751e8b465ee728b)
Start importing Assets/material/New Material 1.mat using Guid(c036763359b648947af0fc2034a04921) Importer(815301076,1909f56bfc062723c751e8b465ee728b)  -> (artifact id: 'ce34c104bf7649227673118411e90746') in 0.055325 seconds 
========================================================================
Received Import Request.
  Time since last request: 68.821249 seconds.
  path: Assets/material/road.mat
  artifactKey: Guid(c036763359b648947af0fc2034a04921) Importer(815301076,1909f56bfc062723c751e8b465ee728b)
Start importing Assets/material/road.mat using Guid(c036763359b648947af0fc2034a04921) Importer(815301076,1909f56bfc062723c751e8b465ee728b)  -> (artifact id: 'ed47200aefa94d99c4bb185e3a69fbd3') in 0.008743 seconds 
========================================================================
Received Import Request.
  Time since last request: 34.301294 seconds.
  path: Assets/material/New Material 1.mat
  artifactKey: Guid(bc3ccc791404fec40b99116c32706a2c) Importer(815301076,1909f56bfc062723c751e8b465ee728b)
Start importing Assets/material/New Material 1.mat using Guid(bc3ccc791404fec40b99116c32706a2c) Importer(815301076,1909f56bfc062723c751e8b465ee728b)  -> (artifact id: 'ba475650b507b37e8b2b479d0dae308c') in 0.012838 seconds 
========================================================================
Received Import Request.
  Time since last request: 7.455768 seconds.
  path: Assets/material/New Material 1.mat
  artifactKey: Guid(bc3ccc791404fec40b99116c32706a2c) Importer(815301076,1909f56bfc062723c751e8b465ee728b)
Start importing Assets/material/New Material 1.mat using Guid(bc3ccc791404fec40b99116c32706a2c) Importer(815301076,1909f56bfc062723c751e8b465ee728b)  -> (artifact id: '55594dec79e6be91ee1dfbf54c7cb982') in 0.012431 seconds 
========================================================================
Received Import Request.
  Time since last request: 87.228846 seconds.
  path: Assets/material/grass.mat
  artifactKey: Guid(46ac06e31aa73854ba14e28de473506d) Importer(815301076,1909f56bfc062723c751e8b465ee728b)
Start importing Assets/material/grass.mat using Guid(46ac06e31aa73854ba14e28de473506d) Importer(815301076,1909f56bfc062723c751e8b465ee728b)  -> (artifact id: 'f0c284937484af4798d56efc54b28f97') in 0.014809 seconds 
========================================================================
Received Import Request.
  Time since last request: 179.064864 seconds.
  path: Assets/material/NewBrush 1.brush
  artifactKey: Guid(757940762155cd2449fc1162c7045ad1) Importer(815301076,1909f56bfc062723c751e8b465ee728b)
Start importing Assets/material/NewBrush 1.brush using Guid(757940762155cd2449fc1162c7045ad1) Importer(815301076,1909f56bfc062723c751e8b465ee728b)  -> (artifact id: '7fc662ad515b13adf585aa39e194ad3f') in 0.016169 seconds 
========================================================================
Received Import Request.
  Time since last request: 118.504458 seconds.
  path: Assets/material/grass.mat
  artifactKey: Guid(46ac06e31aa73854ba14e28de473506d) Importer(815301076,1909f56bfc062723c751e8b465ee728b)
Start importing Assets/material/grass.mat using Guid(46ac06e31aa73854ba14e28de473506d) Importer(815301076,1909f56bfc062723c751e8b465ee728b)  -> (artifact id: '78a2e3c4209f5ca32d97552386f4512d') in 0.157225 seconds 
========================================================================
Received Import Request.
  Time since last request: 1769.570974 seconds.
  path: Assets/material/NewLayer 3.terrainlayer
  artifactKey: Guid(af9819ddb1bf835498ab6b738167fd02) Importer(815301076,1909f56bfc062723c751e8b465ee728b)
Start importing Assets/material/NewLayer 3.terrainlayer using Guid(af9819ddb1bf835498ab6b738167fd02) Importer(815301076,1909f56bfc062723c751e8b465ee728b)  -> (artifact id: '7aaaae84864c901525dda8e7b0e5084e') in 0.009790 seconds 
========================================================================
Received Import Request.
  Time since last request: 246.647354 seconds.
  path: Assets/material/grass.mat
  artifactKey: Guid(46ac06e31aa73854ba14e28de473506d) Importer(815301076,1909f56bfc062723c751e8b465ee728b)
Start importing Assets/material/grass.mat using Guid(46ac06e31aa73854ba14e28de473506d) Importer(815301076,1909f56bfc062723c751e8b465ee728b)  -> (artifact id: 'a81becdac7d7d63722736d8402711ba9') in 0.007847 seconds 
