Using pre-set license
Built from '2021.3/staging' branch; Version is '2021.3.26f1 (a16dc32e0ff2) revision 10579395'; Using compiler version '192829333'; Build Type 'Release'
OS: 'Windows 11  (10.0.22621) 64bit Professional' Language: 'ru' Physical Memory: 32690 MB
BatchMode: 1, IsHumanControllingUs: 0, StartBugReporterOnCrash: 0, Is64bit: 1, IsPro: 1

COMMAND LINE ARGUMENTS:
F:\2021.3.26f1\Editor\Unity.exe
-adb2
-batchMode
-noUpm
-name
AssetImportWorker4
-projectPath
C:/Users/user/Desktop/git/Unity-test-task/ТЗ
-logFile
Logs/AssetImportWorker4.log
-srvPort
49798
Successfully changed project path to: C:/Users/user/Desktop/git/Unity-test-task/ТЗ
C:/Users/user/Desktop/git/Unity-test-task/ТЗ
[UnityMemory] Configuration Parameters - Can be set up in boot.config
    "memorysetup-bucket-allocator-granularity=16"
    "memorysetup-bucket-allocator-bucket-count=8"
    "memorysetup-bucket-allocator-block-size=33554432"
    "memorysetup-bucket-allocator-block-count=8"
    "memorysetup-main-allocator-block-size=16777216"
    "memorysetup-thread-allocator-block-size=16777216"
    "memorysetup-gfx-main-allocator-block-size=16777216"
    "memorysetup-gfx-thread-allocator-block-size=16777216"
    "memorysetup-cache-allocator-block-size=4194304"
    "memorysetup-typetree-allocator-block-size=2097152"
    "memorysetup-profiler-bucket-allocator-granularity=16"
    "memorysetup-profiler-bucket-allocator-bucket-count=8"
    "memorysetup-profiler-bucket-allocator-block-size=33554432"
    "memorysetup-profiler-bucket-allocator-block-count=8"
    "memorysetup-profiler-allocator-block-size=16777216"
    "memorysetup-profiler-editor-allocator-block-size=1048576"
    "memorysetup-temp-allocator-size-main=16777216"
    "memorysetup-job-temp-allocator-block-size=2097152"
    "memorysetup-job-temp-allocator-block-size-background=1048576"
    "memorysetup-job-temp-allocator-reduction-small-platforms=262144"
    "memorysetup-temp-allocator-size-background-worker=32768"
    "memorysetup-temp-allocator-size-job-worker=262144"
    "memorysetup-temp-allocator-size-preload-manager=33554432"
    "memorysetup-temp-allocator-size-nav-mesh-worker=65536"
    "memorysetup-temp-allocator-size-audio-worker=65536"
    "memorysetup-temp-allocator-size-cloud-worker=32768"
    "memorysetup-temp-allocator-size-gi-baking-worker=262144"
    "memorysetup-temp-allocator-size-gfx=262144"
Player connection [13476] Host "[IP] 192.168.1.89 [Port] 0 [Flags] 2 [Guid] 2147066068 [EditorId] 2147066068 [Version] 1048832 [Id] WindowsEditor(7,Pewnoy) [Debug] 1 [PackageName] WindowsEditor [ProjectName] Editor" joined multi-casting on [225.0.0.222:54997]...

Player connection [13476] Host "[IP] 192.168.1.89 [Port] 0 [Flags] 2 [Guid] 2147066068 [EditorId] 2147066068 [Version] 1048832 [Id] WindowsEditor(7,Pewnoy) [Debug] 1 [PackageName] WindowsEditor [ProjectName] Editor" joined alternative multi-casting on [225.0.0.222:34997]...

Refreshing native plugins compatible for Editor in 57.65 ms, found 3 plugins.
Preloading 0 native plugins for Editor in 0.00 ms.
Initialize engine version: 2021.3.26f1 (a16dc32e0ff2)
[Subsystems] Discovering subsystems at path F:/2021.3.26f1/Editor/Data/Resources/UnitySubsystems
[Subsystems] Discovering subsystems at path C:/Users/user/Desktop/git/Unity-test-task/ТЗ/Assets
GfxDevice: creating device client; threaded=0; jobified=0
Direct3D:
    Version:  Direct3D 11.0 [level 11.1]
    Renderer: NVIDIA GeForce RTX 4060 Ti (ID=0x2803)
    Vendor:   NVIDIA
    VRAM:     7949 MB
    Driver:   32.0.15.6636
Initialize mono
Mono path[0] = 'F:/2021.3.26f1/Editor/Data/Managed'
Mono path[1] = 'F:/2021.3.26f1/Editor/Data/MonoBleedingEdge/lib/mono/unityjit-win32'
Mono config path = 'F:/2021.3.26f1/Editor/Data/MonoBleedingEdge/etc'
Using monoOptions --debugger-agent=transport=dt_socket,embedding=1,server=y,suspend=n,address=127.0.0.1:56700
Begin MonoManager ReloadAssembly
Registering precompiled unity dll's ...
Register platform support module: F:/2021.3.26f1/Editor/Data/PlaybackEngines/WindowsStandaloneSupport/UnityEditor.WindowsStandalone.Extensions.dll
Registered in 0.001336 seconds.
Native extension for WindowsStandalone target not found
Refreshing native plugins compatible for Editor in 49.01 ms, found 3 plugins.
Preloading 0 native plugins for Editor in 0.00 ms.
Mono: successfully reloaded assembly
- Completed reload, in  0.446 seconds
Domain Reload Profiling:
	ReloadAssembly (447ms)
		BeginReloadAssembly (70ms)
			ExecutionOrderSort (0ms)
			DisableScriptedObjects (0ms)
			BackupInstance (0ms)
			ReleaseScriptingObjects (0ms)
			CreateAndSetChildDomain (1ms)
		EndReloadAssembly (312ms)
			LoadAssemblies (70ms)
			RebuildTransferFunctionScriptingTraits (0ms)
			SetupTypeCache (79ms)
			ReleaseScriptCaches (0ms)
			RebuildScriptCaches (20ms)
			SetupLoadedEditorAssemblies (178ms)
				LogAssemblyErrors (0ms)
				InitializePlatformSupportModulesInManaged (5ms)
				SetLoadedEditorAssemblies (0ms)
				RefreshPlugins (49ms)
				BeforeProcessingInitializeOnLoad (1ms)
				ProcessInitializeOnLoadAttributes (88ms)
				ProcessInitializeOnLoadMethodAttributes (35ms)
				AfterProcessingInitializeOnLoad (0ms)
				EditorAssembliesLoaded (0ms)
			ExecutionOrderSort2 (0ms)
			AwakeInstancesAfterBackupRestoration (0ms)
Platform modules already initialized, skipping
Registering precompiled user dll's ...
Registered in 0.005241 seconds.
Begin MonoManager ReloadAssembly
Symbol file LoadedFromMemory doesn't match image C:\Users\user\Desktop\git\Unity-test-task\ТЗ\Library\PackageCache\com.unity.visualscripting@1.8.0\Editor\VisualScripting.Core\Dependencies\YamlDotNet\Unity.VisualScripting.YamlDotNet.dll
Symbol file LoadedFromMemory doesn't match image C:\Users\user\Desktop\git\Unity-test-task\ТЗ\Library\PackageCache\com.unity.visualscripting@1.8.0\Editor\VisualScripting.Core\Dependencies\DotNetZip\Unity.VisualScripting.IonicZip.dll
Native extension for WindowsStandalone target not found
Refreshing native plugins compatible for Editor in 0.59 ms, found 3 plugins.
Preloading 0 native plugins for Editor in 0.00 ms.
Mono: successfully reloaded assembly
- Completed reload, in  0.717 seconds
Domain Reload Profiling:
	ReloadAssembly (718ms)
		BeginReloadAssembly (95ms)
			ExecutionOrderSort (0ms)
			DisableScriptedObjects (4ms)
			BackupInstance (0ms)
			ReleaseScriptingObjects (0ms)
			CreateAndSetChildDomain (17ms)
		EndReloadAssembly (552ms)
			LoadAssemblies (74ms)
			RebuildTransferFunctionScriptingTraits (0ms)
			SetupTypeCache (187ms)
			ReleaseScriptCaches (0ms)
			RebuildScriptCaches (34ms)
			SetupLoadedEditorAssemblies (246ms)
				LogAssemblyErrors (0ms)
				InitializePlatformSupportModulesInManaged (3ms)
				SetLoadedEditorAssemblies (1ms)
				RefreshPlugins (1ms)
				BeforeProcessingInitializeOnLoad (51ms)
				ProcessInitializeOnLoadAttributes (174ms)
				ProcessInitializeOnLoadMethodAttributes (15ms)
				AfterProcessingInitializeOnLoad (2ms)
				EditorAssembliesLoaded (0ms)
			ExecutionOrderSort2 (0ms)
			AwakeInstancesAfterBackupRestoration (6ms)
Platform modules already initialized, skipping
========================================================================
Worker process is ready to serve import requests
Launched and connected shader compiler UnityShaderCompiler.exe after 0.04 seconds
Refreshing native plugins compatible for Editor in 0.54 ms, found 3 plugins.
Preloading 0 native plugins for Editor in 0.00 ms.
Unloading 3051 Unused Serialized files (Serialized files now loaded: 0)
Unloading 21 unused Assets / (30.2 KB). Loaded Objects now: 3540.
Memory consumption went from 127.5 MB to 127.5 MB.
Total: 2.568200 ms (FindLiveObjects: 0.254000 ms CreateObjectMapping: 0.076300 ms MarkObjects: 2.211800 ms  DeleteObjects: 0.025400 ms)

AssetImportParameters requested are different than current active one (requested -> active):
  custom:video-decoder-ogg-theora: a1e56fd34408186e4bbccfd4996cb3dc -> 
  custom:container-muxer-webm: aa71ff27fc2769a1b78a27578f13a17b -> 
  custom:container-demuxer-webm: 4f35f7cbe854078d1ac9338744f61a02 -> 
  custom:video-encoder-webm-vp8: eb34c28f22e8b96e1ab97ce403110664 -> 
  custom:video-codec-MediaFoundation-h265: 746d11721c4dcdbdad8f713fa42b33f4 -> 
  custom:audio-encoder-webm-vorbis: bf7c407c2cedff20999df2af8eb42d56 -> 
  custom:framework-win-MediaFoundation: 216162199b28c13a410421893ffa2e32 -> 
  custom:container-demuxer-ogg: 62fdf1f143b41e24485cea50d1cbac27 -> 
  custom:video-decoder-webm-vp8: 9c59270c3fd7afecdb556c50c9e8de78 -> 
  custom:audio-decoder-ogg-vorbis: bf7c407c2cedff20999df2af8eb42d56 -> 
========================================================================
Received Import Request.
  Time since last request: 149279.788003 seconds.
  path: Assets/FantasyMedievalTown_LITE/Prefabs/Barrel_01_LITE.prefab
  artifactKey: Guid(516bb2fe1d1c8584d9ad829a9eb9d4d3) Importer(815301076,1909f56bfc062723c751e8b465ee728b)
Start importing Assets/FantasyMedievalTown_LITE/Prefabs/Barrel_01_LITE.prefab using Guid(516bb2fe1d1c8584d9ad829a9eb9d4d3) Importer(815301076,1909f56bfc062723c751e8b465ee728b)  -> (artifact id: '94b1a8a8372205ca31de7bb8a3adaefe') in 0.112897 seconds 
========================================================================
Received Import Request.
  Time since last request: 0.000017 seconds.
  path: Assets/V1/Prefab/T2/V1_T2_S3.prefab
  artifactKey: Guid(7fa8770c0c3055147a617e3961297c6f) Importer(815301076,1909f56bfc062723c751e8b465ee728b)
Start importing Assets/V1/Prefab/T2/V1_T2_S3.prefab using Guid(7fa8770c0c3055147a617e3961297c6f) Importer(815301076,1909f56bfc062723c751e8b465ee728b)  -> (artifact id: '2727c8ce9a4c35278faf531ea06d75a8') in 0.090931 seconds 
========================================================================
Received Import Request.
  Time since last request: 0.000024 seconds.
  path: Assets/prefab/House.prefab
  artifactKey: Guid(d8e229d4f8a473c42be86794c09139f5) Importer(815301076,1909f56bfc062723c751e8b465ee728b)
Start importing Assets/prefab/House.prefab using Guid(d8e229d4f8a473c42be86794c09139f5) Importer(815301076,1909f56bfc062723c751e8b465ee728b)  -> (artifact id: 'e536ec7a34c31752d1b06f226fd64f3d') in 0.023034 seconds 
========================================================================
Received Import Request.
  Time since last request: 0.000026 seconds.
  path: Assets/V1/Prefab/T1/V1_T1_S2.prefab
  artifactKey: Guid(526a7966ccaa21a478875fa72207388c) Importer(815301076,1909f56bfc062723c751e8b465ee728b)
Start importing Assets/V1/Prefab/T1/V1_T1_S2.prefab using Guid(526a7966ccaa21a478875fa72207388c) Importer(815301076,1909f56bfc062723c751e8b465ee728b)  -> (artifact id: 'a0469d55aab238b2f4ceb6d66f406dac') in 0.030685 seconds 
========================================================================
Received Import Request.
  Time since last request: 0.000016 seconds.
  path: Assets/V1/Prefab/T2/V1_T2_S1.prefab
  artifactKey: Guid(558c8282b60471344bb6abd6cd7d800c) Importer(815301076,1909f56bfc062723c751e8b465ee728b)
Start importing Assets/V1/Prefab/T2/V1_T2_S1.prefab using Guid(558c8282b60471344bb6abd6cd7d800c) Importer(815301076,1909f56bfc062723c751e8b465ee728b)  -> (artifact id: 'e63a0cea7afacab1414c0ce45739b4a6') in 0.028486 seconds 
========================================================================
Received Import Request.
  Time since last request: 0.000021 seconds.
  path: Assets/FantasyMedievalTown_LITE/Prefabs/HouseWall_02_LITE.prefab
  artifactKey: Guid(ca12e4d3b8ba552408c001532eecb3ac) Importer(815301076,1909f56bfc062723c751e8b465ee728b)
Start importing Assets/FantasyMedievalTown_LITE/Prefabs/HouseWall_02_LITE.prefab using Guid(ca12e4d3b8ba552408c001532eecb3ac) Importer(815301076,1909f56bfc062723c751e8b465ee728b)  -> (artifact id: '49a2204b2c80f81b2da851859e8be9ac') in 0.012831 seconds 
========================================================================
Received Import Request.
  Time since last request: 0.000016 seconds.
  path: Assets/FantasyMedievalTown_LITE/Prefabs/HouseWall_11_LITE.prefab
  artifactKey: Guid(61b9dd48e54ad8f48b34dd5d75bb8e39) Importer(815301076,1909f56bfc062723c751e8b465ee728b)
Start importing Assets/FantasyMedievalTown_LITE/Prefabs/HouseWall_11_LITE.prefab using Guid(61b9dd48e54ad8f48b34dd5d75bb8e39) Importer(815301076,1909f56bfc062723c751e8b465ee728b)  -> (artifact id: '955d2f6c5fc59d4ec9fe83ddfcf6fcb0') in 0.013585 seconds 
========================================================================
Received Import Request.
  Time since last request: 0.000013 seconds.
  path: Assets/FantasyMedievalTown_LITE/Prefabs/Fence_01_LITE.prefab
  artifactKey: Guid(2733d4365aba6ef4ca4d5a4495cdaa07) Importer(815301076,1909f56bfc062723c751e8b465ee728b)
Start importing Assets/FantasyMedievalTown_LITE/Prefabs/Fence_01_LITE.prefab using Guid(2733d4365aba6ef4ca4d5a4495cdaa07) Importer(815301076,1909f56bfc062723c751e8b465ee728b)  -> (artifact id: '2abc388aaf98a66e65d6afda69d2900c') in 0.013671 seconds 
========================================================================
Received Import Request.
  Time since last request: 0.000016 seconds.
  path: Assets/V1/Prefab/T1/V1_T1_S6.prefab
  artifactKey: Guid(1b72e8ef40d1d994b8b788fb146d7edc) Importer(815301076,1909f56bfc062723c751e8b465ee728b)
Start importing Assets/V1/Prefab/T1/V1_T1_S6.prefab using Guid(1b72e8ef40d1d994b8b788fb146d7edc) Importer(815301076,1909f56bfc062723c751e8b465ee728b)  -> (artifact id: '890db8f4948a6d95929925af63da7ee9') in 0.043651 seconds 
========================================================================
Received Import Request.
  Time since last request: 0.000017 seconds.
  path: Assets/SkySeries Freebie/ExampleScenes/SceneObjects/DemoObjects.prefab
  artifactKey: Guid(88c20de6c1dc0f04abeaffaac0a9a6cf) Importer(815301076,1909f56bfc062723c751e8b465ee728b)
Start importing Assets/SkySeries Freebie/ExampleScenes/SceneObjects/DemoObjects.prefab using Guid(88c20de6c1dc0f04abeaffaac0a9a6cf) Importer(815301076,1909f56bfc062723c751e8b465ee728b)  -> (artifact id: '73a8d740cddb2fef71d3ff08e48d0417') in 0.022808 seconds 
========================================================================
Received Import Request.
  Time since last request: 0.000024 seconds.
  path: Assets/FantasyMedievalTown_LITE/Prefabs/House_01_LITE.prefab
  artifactKey: Guid(e8261a97a7f761c4e8efce96a79a4a28) Importer(815301076,1909f56bfc062723c751e8b465ee728b)
Start importing Assets/FantasyMedievalTown_LITE/Prefabs/House_01_LITE.prefab using Guid(e8261a97a7f761c4e8efce96a79a4a28) Importer(815301076,1909f56bfc062723c751e8b465ee728b)  -> (artifact id: '4733e7a4ae2ed76f16cd59ba0ca57f6d') in 0.018355 seconds 
========================================================================
Received Import Request.
  Time since last request: 0.000043 seconds.
  path: Assets/FantasyMedievalTown_LITE/Prefabs/FlowerPot_03_LITE.prefab
  artifactKey: Guid(1a09ebba9d893894da11cb4098853e64) Importer(815301076,1909f56bfc062723c751e8b465ee728b)
Start importing Assets/FantasyMedievalTown_LITE/Prefabs/FlowerPot_03_LITE.prefab using Guid(1a09ebba9d893894da11cb4098853e64) Importer(815301076,1909f56bfc062723c751e8b465ee728b)  -> (artifact id: '9e547ff6ce51b0abfc2be0c0bde3cbf0') in 0.020756 seconds 
========================================================================
Received Import Request.
  Time since last request: 0.000023 seconds.
  path: Assets/V1/Prefab/T1/V1_T1_S3.prefab
  artifactKey: Guid(48667392d0f3a0840908c9cfde01c9ba) Importer(815301076,1909f56bfc062723c751e8b465ee728b)
Start importing Assets/V1/Prefab/T1/V1_T1_S3.prefab using Guid(48667392d0f3a0840908c9cfde01c9ba) Importer(815301076,1909f56bfc062723c751e8b465ee728b)  -> (artifact id: 'c0f087ef40a4763b68f38e84fa745d5c') in 0.027200 seconds 
========================================================================
Received Import Request.
  Time since last request: 0.000015 seconds.
  path: Assets/V1/Prefab/T2/V1_T2_S4.prefab
  artifactKey: Guid(5eee0ef564f68bc489f8b8dde7899c02) Importer(815301076,1909f56bfc062723c751e8b465ee728b)
Start importing Assets/V1/Prefab/T2/V1_T2_S4.prefab using Guid(5eee0ef564f68bc489f8b8dde7899c02) Importer(815301076,1909f56bfc062723c751e8b465ee728b)  -> (artifact id: '30a2dd54cba0ef6a408b63712fc14f96') in 0.046193 seconds 
Editor requested this worker to shutdown with reason: Scaling down because of idle timeout
AssetImportWorker is now disconnected from the server
Process exiting
Exiting without the bug reporter. Application will terminate with return code 0