Using pre-set license
Built from '2021.3/staging' branch; Version is '2021.3.26f1 (a16dc32e0ff2) revision 10579395'; Using compiler version '192829333'; Build Type 'Release'
OS: 'Windows 11  (10.0.22621) 64bit Professional' Language: 'ru' Physical Memory: 32690 MB
BatchMode: 1, IsHumanControllingUs: 0, StartBugReporterOnCrash: 0, Is64bit: 1, IsPro: 1

COMMAND LINE ARGUMENTS:
F:\2021.3.26f1\Editor\Unity.exe
-adb2
-batchMode
-noUpm
-name
AssetImportWorker2
-projectPath
C:/Users/user/Desktop/git/Unity-test-task/ТЗ
-logFile
Logs/AssetImportWorker2.log
-srvPort
49798
Successfully changed project path to: C:/Users/user/Desktop/git/Unity-test-task/ТЗ
C:/Users/user/Desktop/git/Unity-test-task/ТЗ
[UnityMemory] Configuration Parameters - Can be set up in boot.config
    "memorysetup-bucket-allocator-granularity=16"
    "memorysetup-bucket-allocator-bucket-count=8"
    "memorysetup-bucket-allocator-block-size=33554432"
    "memorysetup-bucket-allocator-block-count=8"
    "memorysetup-main-allocator-block-size=16777216"
    "memorysetup-thread-allocator-block-size=16777216"
    "memorysetup-gfx-main-allocator-block-size=16777216"
    "memorysetup-gfx-thread-allocator-block-size=16777216"
    "memorysetup-cache-allocator-block-size=4194304"
    "memorysetup-typetree-allocator-block-size=2097152"
    "memorysetup-profiler-bucket-allocator-granularity=16"
    "memorysetup-profiler-bucket-allocator-bucket-count=8"
    "memorysetup-profiler-bucket-allocator-block-size=33554432"
    "memorysetup-profiler-bucket-allocator-block-count=8"
    "memorysetup-profiler-allocator-block-size=16777216"
    "memorysetup-profiler-editor-allocator-block-size=1048576"
    "memorysetup-temp-allocator-size-main=16777216"
    "memorysetup-job-temp-allocator-block-size=2097152"
    "memorysetup-job-temp-allocator-block-size-background=1048576"
    "memorysetup-job-temp-allocator-reduction-small-platforms=262144"
    "memorysetup-temp-allocator-size-background-worker=32768"
    "memorysetup-temp-allocator-size-job-worker=262144"
    "memorysetup-temp-allocator-size-preload-manager=33554432"
    "memorysetup-temp-allocator-size-nav-mesh-worker=65536"
    "memorysetup-temp-allocator-size-audio-worker=65536"
    "memorysetup-temp-allocator-size-cloud-worker=32768"
    "memorysetup-temp-allocator-size-gi-baking-worker=262144"
    "memorysetup-temp-allocator-size-gfx=262144"
Player connection [19832] Host "[IP] 192.168.1.89 [Port] 0 [Flags] 2 [Guid] 4273811627 [EditorId] 4273811627 [Version] 1048832 [Id] WindowsEditor(7,Pewnoy) [Debug] 1 [PackageName] WindowsEditor [ProjectName] Editor" joined multi-casting on [225.0.0.222:54997]...

Player connection [19832] Host "[IP] 192.168.1.89 [Port] 0 [Flags] 2 [Guid] 4273811627 [EditorId] 4273811627 [Version] 1048832 [Id] WindowsEditor(7,Pewnoy) [Debug] 1 [PackageName] WindowsEditor [ProjectName] Editor" joined alternative multi-casting on [225.0.0.222:34997]...

Refreshing native plugins compatible for Editor in 54.38 ms, found 3 plugins.
Preloading 0 native plugins for Editor in 0.00 ms.
Initialize engine version: 2021.3.26f1 (a16dc32e0ff2)
[Subsystems] Discovering subsystems at path F:/2021.3.26f1/Editor/Data/Resources/UnitySubsystems
[Subsystems] Discovering subsystems at path C:/Users/user/Desktop/git/Unity-test-task/ТЗ/Assets
GfxDevice: creating device client; threaded=0; jobified=0
Direct3D:
    Version:  Direct3D 11.0 [level 11.1]
    Renderer: NVIDIA GeForce RTX 4060 Ti (ID=0x2803)
    Vendor:   NVIDIA
    VRAM:     7949 MB
    Driver:   32.0.15.6636
Initialize mono
Mono path[0] = 'F:/2021.3.26f1/Editor/Data/Managed'
Mono path[1] = 'F:/2021.3.26f1/Editor/Data/MonoBleedingEdge/lib/mono/unityjit-win32'
Mono config path = 'F:/2021.3.26f1/Editor/Data/MonoBleedingEdge/etc'
Using monoOptions --debugger-agent=transport=dt_socket,embedding=1,server=y,suspend=n,address=127.0.0.1:56936
Begin MonoManager ReloadAssembly
Registering precompiled unity dll's ...
Register platform support module: F:/2021.3.26f1/Editor/Data/PlaybackEngines/WindowsStandaloneSupport/UnityEditor.WindowsStandalone.Extensions.dll
Registered in 0.001353 seconds.
Native extension for WindowsStandalone target not found
Refreshing native plugins compatible for Editor in 54.51 ms, found 3 plugins.
Preloading 0 native plugins for Editor in 0.00 ms.
Mono: successfully reloaded assembly
- Completed reload, in  0.502 seconds
Domain Reload Profiling:
	ReloadAssembly (503ms)
		BeginReloadAssembly (78ms)
			ExecutionOrderSort (0ms)
			DisableScriptedObjects (0ms)
			BackupInstance (0ms)
			ReleaseScriptingObjects (0ms)
			CreateAndSetChildDomain (1ms)
		EndReloadAssembly (350ms)
			LoadAssemblies (77ms)
			RebuildTransferFunctionScriptingTraits (0ms)
			SetupTypeCache (87ms)
			ReleaseScriptCaches (0ms)
			RebuildScriptCaches (21ms)
			SetupLoadedEditorAssemblies (202ms)
				LogAssemblyErrors (0ms)
				InitializePlatformSupportModulesInManaged (5ms)
				SetLoadedEditorAssemblies (0ms)
				RefreshPlugins (55ms)
				BeforeProcessingInitializeOnLoad (1ms)
				ProcessInitializeOnLoadAttributes (98ms)
				ProcessInitializeOnLoadMethodAttributes (43ms)
				AfterProcessingInitializeOnLoad (0ms)
				EditorAssembliesLoaded (0ms)
			ExecutionOrderSort2 (0ms)
			AwakeInstancesAfterBackupRestoration (0ms)
Platform modules already initialized, skipping
Registering precompiled user dll's ...
Registered in 0.005077 seconds.
Begin MonoManager ReloadAssembly
Symbol file LoadedFromMemory doesn't match image C:\Users\user\Desktop\git\Unity-test-task\ТЗ\Library\PackageCache\com.unity.visualscripting@1.8.0\Editor\VisualScripting.Core\Dependencies\YamlDotNet\Unity.VisualScripting.YamlDotNet.dll
Symbol file LoadedFromMemory doesn't match image C:\Users\user\Desktop\git\Unity-test-task\ТЗ\Library\PackageCache\com.unity.visualscripting@1.8.0\Editor\VisualScripting.Core\Dependencies\DotNetZip\Unity.VisualScripting.IonicZip.dll
Native extension for WindowsStandalone target not found
Refreshing native plugins compatible for Editor in 0.72 ms, found 3 plugins.
Preloading 0 native plugins for Editor in 0.00 ms.
Mono: successfully reloaded assembly
- Completed reload, in  0.758 seconds
Domain Reload Profiling:
	ReloadAssembly (758ms)
		BeginReloadAssembly (95ms)
			ExecutionOrderSort (0ms)
			DisableScriptedObjects (5ms)
			BackupInstance (0ms)
			ReleaseScriptingObjects (0ms)
			CreateAndSetChildDomain (17ms)
		EndReloadAssembly (578ms)
			LoadAssemblies (72ms)
			RebuildTransferFunctionScriptingTraits (0ms)
			SetupTypeCache (205ms)
			ReleaseScriptCaches (0ms)
			RebuildScriptCaches (40ms)
			SetupLoadedEditorAssemblies (247ms)
				LogAssemblyErrors (0ms)
				InitializePlatformSupportModulesInManaged (3ms)
				SetLoadedEditorAssemblies (1ms)
				RefreshPlugins (1ms)
				BeforeProcessingInitializeOnLoad (58ms)
				ProcessInitializeOnLoadAttributes (166ms)
				ProcessInitializeOnLoadMethodAttributes (15ms)
				AfterProcessingInitializeOnLoad (3ms)
				EditorAssembliesLoaded (0ms)
			ExecutionOrderSort2 (0ms)
			AwakeInstancesAfterBackupRestoration (6ms)
Platform modules already initialized, skipping
========================================================================
Worker process is ready to serve import requests
Launched and connected shader compiler UnityShaderCompiler.exe after 0.04 seconds
Refreshing native plugins compatible for Editor in 0.53 ms, found 3 plugins.
Preloading 0 native plugins for Editor in 0.00 ms.
Unloading 3051 Unused Serialized files (Serialized files now loaded: 0)
Unloading 21 unused Assets / (30.2 KB). Loaded Objects now: 3540.
Memory consumption went from 127.5 MB to 127.5 MB.
Total: 2.247100 ms (FindLiveObjects: 0.184100 ms CreateObjectMapping: 0.067400 ms MarkObjects: 1.975000 ms  DeleteObjects: 0.019800 ms)

AssetImportParameters requested are different than current active one (requested -> active):
  custom:video-decoder-ogg-theora: a1e56fd34408186e4bbccfd4996cb3dc -> 
  custom:container-muxer-webm: aa71ff27fc2769a1b78a27578f13a17b -> 
  custom:container-demuxer-webm: 4f35f7cbe854078d1ac9338744f61a02 -> 
  custom:video-encoder-webm-vp8: eb34c28f22e8b96e1ab97ce403110664 -> 
  custom:video-codec-MediaFoundation-h265: 746d11721c4dcdbdad8f713fa42b33f4 -> 
  custom:audio-encoder-webm-vorbis: bf7c407c2cedff20999df2af8eb42d56 -> 
  custom:framework-win-MediaFoundation: 216162199b28c13a410421893ffa2e32 -> 
  custom:container-demuxer-ogg: 62fdf1f143b41e24485cea50d1cbac27 -> 
  custom:video-decoder-webm-vp8: 9c59270c3fd7afecdb556c50c9e8de78 -> 
  custom:audio-decoder-ogg-vorbis: bf7c407c2cedff20999df2af8eb42d56 -> 
========================================================================
Received Import Request.
  Time since last request: 148647.349800 seconds.
  path: Assets/V1/TextureSets
  artifactKey: Guid(d9ff68083d1a83942bcbffe0f1682dd9) Importer(815301076,1909f56bfc062723c751e8b465ee728b)
Start importing Assets/V1/TextureSets using Guid(d9ff68083d1a83942bcbffe0f1682dd9) Importer(815301076,1909f56bfc062723c751e8b465ee728b)  -> (artifact id: '1f52d9c409322e2790fd87522595cdae') in 0.009509 seconds 
========================================================================
Received Import Request.
  Time since last request: 0.814376 seconds.
  path: Assets/V1/TextureSets/T1
  artifactKey: Guid(e883070f11e27084aa10ffecce14effe) Importer(815301076,1909f56bfc062723c751e8b465ee728b)
Start importing Assets/V1/TextureSets/T1 using Guid(e883070f11e27084aa10ffecce14effe) Importer(815301076,1909f56bfc062723c751e8b465ee728b)  -> (artifact id: '48e5cfa251c6061ec70dae75ad50a90c') in 0.002978 seconds 
========================================================================
Received Import Request.
  Time since last request: 1.429058 seconds.
  path: Assets/V1/TextureSets/T1/S3
  artifactKey: Guid(f26e2cff13a013b41a92828448ad752b) Importer(815301076,1909f56bfc062723c751e8b465ee728b)
Start importing Assets/V1/TextureSets/T1/S3 using Guid(f26e2cff13a013b41a92828448ad752b) Importer(815301076,1909f56bfc062723c751e8b465ee728b)  -> (artifact id: 'b49643941ddfd7f07a2a7ed7bdfb2264') in 0.002544 seconds 
========================================================================
Received Import Request.
  Time since last request: 0.062148 seconds.
  path: Assets/V1/TextureSets/T1/S3/V1_T1_S3_Albedo.png
  artifactKey: Guid(92aeb8539ac734448bd3df0b017eb5b1) Importer(815301076,1909f56bfc062723c751e8b465ee728b)
Start importing Assets/V1/TextureSets/T1/S3/V1_T1_S3_Albedo.png using Guid(92aeb8539ac734448bd3df0b017eb5b1) Importer(815301076,1909f56bfc062723c751e8b465ee728b)  -> (artifact id: '5dcf50f21da8d8b9c96692e63ccfb9c3') in 0.062885 seconds 
========================================================================
Received Import Request.
  Time since last request: 0.000016 seconds.
  path: Assets/V1/TextureSets/T1/S3/V1_T1_S3_MetalGloss.tga
  artifactKey: Guid(b16426dbc9a51134fa790658cca9cc71) Importer(815301076,1909f56bfc062723c751e8b465ee728b)
Start importing Assets/V1/TextureSets/T1/S3/V1_T1_S3_MetalGloss.tga using Guid(b16426dbc9a51134fa790658cca9cc71) Importer(815301076,1909f56bfc062723c751e8b465ee728b)  -> (artifact id: '72e39d1c7523d6a32d85132d487b4c7a') in 0.022934 seconds 
========================================================================
Received Import Request.
  Time since last request: 9.902154 seconds.
  path: Assets/V1/Mats/T1/V1_T1_S1.mat
  artifactKey: Guid(d15382853af1aa14daf50bfe726fd7c9) Importer(815301076,1909f56bfc062723c751e8b465ee728b)
Start importing Assets/V1/Mats/T1/V1_T1_S1.mat using Guid(d15382853af1aa14daf50bfe726fd7c9) Importer(815301076,1909f56bfc062723c751e8b465ee728b)  -> (artifact id: 'aa769e58d2ddc2fbd597d6199593499f') in 0.274233 seconds 
========================================================================
Received Import Request.
  Time since last request: 0.000018 seconds.
  path: Assets/V1/Mats/T2/V1_T2_S5.mat
  artifactKey: Guid(a1d46268eea1a7e49b31cb7c2cfca704) Importer(815301076,1909f56bfc062723c751e8b465ee728b)
Start importing Assets/V1/Mats/T2/V1_T2_S5.mat using Guid(a1d46268eea1a7e49b31cb7c2cfca704) Importer(815301076,1909f56bfc062723c751e8b465ee728b)  -> (artifact id: 'bb45f35a89f4f82ccb1306b2f1a4ff8b') in 0.051458 seconds 
========================================================================
Received Import Request.
  Time since last request: 0.000022 seconds.
  path: Assets/V1/Mats/T2/V1_T2_S3.mat
  artifactKey: Guid(57531e7768a35f04293dd52491f84546) Importer(815301076,1909f56bfc062723c751e8b465ee728b)
Start importing Assets/V1/Mats/T2/V1_T2_S3.mat using Guid(57531e7768a35f04293dd52491f84546) Importer(815301076,1909f56bfc062723c751e8b465ee728b)  -> (artifact id: 'd0ca686c3a397bf50f28da21496367fc') in 0.040041 seconds 
========================================================================
Received Import Request.
  Time since last request: 0.000022 seconds.
  path: Assets/V1/Mats/T2/V1_T2_S4.mat
  artifactKey: Guid(0b878bafb7877fd46aa38fde586523b2) Importer(815301076,1909f56bfc062723c751e8b465ee728b)
Start importing Assets/V1/Mats/T2/V1_T2_S4.mat using Guid(0b878bafb7877fd46aa38fde586523b2) Importer(815301076,1909f56bfc062723c751e8b465ee728b)  -> (artifact id: '6922247568f449fe9184d525c4acc064') in 0.032137 seconds 
========================================================================
Received Import Request.
  Time since last request: 0.000013 seconds.
  path: Assets/V1/Mats/T2/V1_T2_S6.mat
  artifactKey: Guid(d482c9929e395d64f866927adf653efb) Importer(815301076,1909f56bfc062723c751e8b465ee728b)
Start importing Assets/V1/Mats/T2/V1_T2_S6.mat using Guid(d482c9929e395d64f866927adf653efb) Importer(815301076,1909f56bfc062723c751e8b465ee728b)  -> (artifact id: '4b45e54ccd009b27643503be654d5ffe') in 0.034080 seconds 
Editor requested this worker to shutdown with reason: Scaling down because of idle timeout
AssetImportWorker is now disconnected from the server
Process exiting
Exiting without the bug reporter. Application will terminate with return code 0