Using pre-set license
Built from '2021.3/staging' branch; Version is '2021.3.26f1 (a16dc32e0ff2) revision 10579395'; Using compiler version '192829333'; Build Type 'Release'
OS: 'Windows 11  (10.0.22621) 64bit Professional' Language: 'ru' Physical Memory: 32690 MB
BatchMode: 1, IsHumanControllingUs: 0, StartBugReporterOnCrash: 0, Is64bit: 1, IsPro: 1

COMMAND LINE ARGUMENTS:
F:\2021.3.26f1\Editor\Unity.exe
-adb2
-batchMode
-noUpm
-name
AssetImportWorker1
-projectPath
C:/Users/user/Desktop/git/Unity-test-task/ТЗ
-logFile
Logs/AssetImportWorker1.log
-srvPort
49798
Successfully changed project path to: C:/Users/user/Desktop/git/Unity-test-task/ТЗ
C:/Users/user/Desktop/git/Unity-test-task/ТЗ
[UnityMemory] Configuration Parameters - Can be set up in boot.config
    "memorysetup-bucket-allocator-granularity=16"
    "memorysetup-bucket-allocator-bucket-count=8"
    "memorysetup-bucket-allocator-block-size=33554432"
    "memorysetup-bucket-allocator-block-count=8"
    "memorysetup-main-allocator-block-size=16777216"
    "memorysetup-thread-allocator-block-size=16777216"
    "memorysetup-gfx-main-allocator-block-size=16777216"
    "memorysetup-gfx-thread-allocator-block-size=16777216"
    "memorysetup-cache-allocator-block-size=4194304"
    "memorysetup-typetree-allocator-block-size=2097152"
    "memorysetup-profiler-bucket-allocator-granularity=16"
    "memorysetup-profiler-bucket-allocator-bucket-count=8"
    "memorysetup-profiler-bucket-allocator-block-size=33554432"
    "memorysetup-profiler-bucket-allocator-block-count=8"
    "memorysetup-profiler-allocator-block-size=16777216"
    "memorysetup-profiler-editor-allocator-block-size=1048576"
    "memorysetup-temp-allocator-size-main=16777216"
    "memorysetup-job-temp-allocator-block-size=2097152"
    "memorysetup-job-temp-allocator-block-size-background=1048576"
    "memorysetup-job-temp-allocator-reduction-small-platforms=262144"
    "memorysetup-temp-allocator-size-background-worker=32768"
    "memorysetup-temp-allocator-size-job-worker=262144"
    "memorysetup-temp-allocator-size-preload-manager=33554432"
    "memorysetup-temp-allocator-size-nav-mesh-worker=65536"
    "memorysetup-temp-allocator-size-audio-worker=65536"
    "memorysetup-temp-allocator-size-cloud-worker=32768"
    "memorysetup-temp-allocator-size-gi-baking-worker=262144"
    "memorysetup-temp-allocator-size-gfx=262144"
Player connection [7136] Host "[IP] 192.168.1.89 [Port] 0 [Flags] 2 [Guid] 593425852 [EditorId] 593425852 [Version] 1048832 [Id] WindowsEditor(7,Pewnoy) [Debug] 1 [PackageName] WindowsEditor [ProjectName] Editor" joined multi-casting on [225.0.0.222:54997]...

Player connection [7136] Host "[IP] 192.168.1.89 [Port] 0 [Flags] 2 [Guid] 593425852 [EditorId] 593425852 [Version] 1048832 [Id] WindowsEditor(7,Pewnoy) [Debug] 1 [PackageName] WindowsEditor [ProjectName] Editor" joined alternative multi-casting on [225.0.0.222:34997]...

Refreshing native plugins compatible for Editor in 49.76 ms, found 3 plugins.
Preloading 0 native plugins for Editor in 0.00 ms.
Initialize engine version: 2021.3.26f1 (a16dc32e0ff2)
[Subsystems] Discovering subsystems at path F:/2021.3.26f1/Editor/Data/Resources/UnitySubsystems
[Subsystems] Discovering subsystems at path C:/Users/user/Desktop/git/Unity-test-task/ТЗ/Assets
GfxDevice: creating device client; threaded=0; jobified=0
Direct3D:
    Version:  Direct3D 11.0 [level 11.1]
    Renderer: NVIDIA GeForce RTX 4060 Ti (ID=0x2803)
    Vendor:   NVIDIA
    VRAM:     7949 MB
    Driver:   32.0.15.6636
Initialize mono
Mono path[0] = 'F:/2021.3.26f1/Editor/Data/Managed'
Mono path[1] = 'F:/2021.3.26f1/Editor/Data/MonoBleedingEdge/lib/mono/unityjit-win32'
Mono config path = 'F:/2021.3.26f1/Editor/Data/MonoBleedingEdge/etc'
Using monoOptions --debugger-agent=transport=dt_socket,embedding=1,server=y,suspend=n,address=127.0.0.1:56468
Begin MonoManager ReloadAssembly
Registering precompiled unity dll's ...
Register platform support module: F:/2021.3.26f1/Editor/Data/PlaybackEngines/WindowsStandaloneSupport/UnityEditor.WindowsStandalone.Extensions.dll
Registered in 0.001197 seconds.
Native extension for WindowsStandalone target not found
Refreshing native plugins compatible for Editor in 55.11 ms, found 3 plugins.
Preloading 0 native plugins for Editor in 0.00 ms.
Mono: successfully reloaded assembly
- Completed reload, in  0.452 seconds
Domain Reload Profiling:
	ReloadAssembly (452ms)
		BeginReloadAssembly (73ms)
			ExecutionOrderSort (0ms)
			DisableScriptedObjects (0ms)
			BackupInstance (0ms)
			ReleaseScriptingObjects (0ms)
			CreateAndSetChildDomain (1ms)
		EndReloadAssembly (313ms)
			LoadAssemblies (73ms)
			RebuildTransferFunctionScriptingTraits (0ms)
			SetupTypeCache (70ms)
			ReleaseScriptCaches (0ms)
			RebuildScriptCaches (20ms)
			SetupLoadedEditorAssemblies (189ms)
				LogAssemblyErrors (0ms)
				InitializePlatformSupportModulesInManaged (5ms)
				SetLoadedEditorAssemblies (0ms)
				RefreshPlugins (55ms)
				BeforeProcessingInitializeOnLoad (1ms)
				ProcessInitializeOnLoadAttributes (90ms)
				ProcessInitializeOnLoadMethodAttributes (37ms)
				AfterProcessingInitializeOnLoad (0ms)
				EditorAssembliesLoaded (0ms)
			ExecutionOrderSort2 (0ms)
			AwakeInstancesAfterBackupRestoration (0ms)
Platform modules already initialized, skipping
Registering precompiled user dll's ...
Registered in 0.004754 seconds.
Begin MonoManager ReloadAssembly
Symbol file LoadedFromMemory doesn't match image C:\Users\user\Desktop\git\Unity-test-task\ТЗ\Library\PackageCache\com.unity.visualscripting@1.8.0\Editor\VisualScripting.Core\Dependencies\YamlDotNet\Unity.VisualScripting.YamlDotNet.dll
Symbol file LoadedFromMemory doesn't match image C:\Users\user\Desktop\git\Unity-test-task\ТЗ\Library\PackageCache\com.unity.visualscripting@1.8.0\Editor\VisualScripting.Core\Dependencies\DotNetZip\Unity.VisualScripting.IonicZip.dll
Native extension for WindowsStandalone target not found
Refreshing native plugins compatible for Editor in 0.47 ms, found 3 plugins.
Preloading 0 native plugins for Editor in 0.00 ms.
Mono: successfully reloaded assembly
- Completed reload, in  0.798 seconds
Domain Reload Profiling:
	ReloadAssembly (799ms)
		BeginReloadAssembly (106ms)
			ExecutionOrderSort (0ms)
			DisableScriptedObjects (5ms)
			BackupInstance (0ms)
			ReleaseScriptingObjects (0ms)
			CreateAndSetChildDomain (17ms)
		EndReloadAssembly (615ms)
			LoadAssemblies (81ms)
			RebuildTransferFunctionScriptingTraits (0ms)
			SetupTypeCache (213ms)
			ReleaseScriptCaches (0ms)
			RebuildScriptCaches (40ms)
			SetupLoadedEditorAssemblies (264ms)
				LogAssemblyErrors (0ms)
				InitializePlatformSupportModulesInManaged (3ms)
				SetLoadedEditorAssemblies (0ms)
				RefreshPlugins (1ms)
				BeforeProcessingInitializeOnLoad (58ms)
				ProcessInitializeOnLoadAttributes (183ms)
				ProcessInitializeOnLoadMethodAttributes (18ms)
				AfterProcessingInitializeOnLoad (2ms)
				EditorAssembliesLoaded (0ms)
			ExecutionOrderSort2 (0ms)
			AwakeInstancesAfterBackupRestoration (6ms)
Platform modules already initialized, skipping
========================================================================
Worker process is ready to serve import requests
Launched and connected shader compiler UnityShaderCompiler.exe after 0.21 seconds
Refreshing native plugins compatible for Editor in 0.51 ms, found 3 plugins.
Preloading 0 native plugins for Editor in 0.00 ms.
Unloading 3051 Unused Serialized files (Serialized files now loaded: 0)
Unloading 21 unused Assets / (30.2 KB). Loaded Objects now: 3540.
Memory consumption went from 127.5 MB to 127.5 MB.
Total: 2.995600 ms (FindLiveObjects: 0.269500 ms CreateObjectMapping: 0.168400 ms MarkObjects: 2.534300 ms  DeleteObjects: 0.022800 ms)

AssetImportParameters requested are different than current active one (requested -> active):
  custom:video-decoder-ogg-theora: a1e56fd34408186e4bbccfd4996cb3dc -> 
  custom:container-muxer-webm: aa71ff27fc2769a1b78a27578f13a17b -> 
  custom:container-demuxer-webm: 4f35f7cbe854078d1ac9338744f61a02 -> 
  custom:video-encoder-webm-vp8: eb34c28f22e8b96e1ab97ce403110664 -> 
  custom:video-codec-MediaFoundation-h265: 746d11721c4dcdbdad8f713fa42b33f4 -> 
  custom:audio-encoder-webm-vorbis: bf7c407c2cedff20999df2af8eb42d56 -> 
  custom:framework-win-MediaFoundation: 216162199b28c13a410421893ffa2e32 -> 
  custom:container-demuxer-ogg: 62fdf1f143b41e24485cea50d1cbac27 -> 
  custom:video-decoder-webm-vp8: 9c59270c3fd7afecdb556c50c9e8de78 -> 
  custom:audio-decoder-ogg-vorbis: bf7c407c2cedff20999df2af8eb42d56 -> 
========================================================================
Received Import Request.
  Time since last request: 148289.348339 seconds.
  path: Assets/V1/Model/V1 Collider.obj
  artifactKey: Guid(3d5582b4ee67b6142b933c19769451a2) Importer(815301076,1909f56bfc062723c751e8b465ee728b)
Start importing Assets/V1/Model/V1 Collider.obj using Guid(3d5582b4ee67b6142b933c19769451a2) Importer(815301076,1909f56bfc062723c751e8b465ee728b)  -> (artifact id: '48bef51042072f924bae2996f9af630e') in 0.110411 seconds 
========================================================================
Received Import Request.
  Time since last request: 0.000026 seconds.
  path: Assets/V1/Model
  artifactKey: Guid(cd77307d7c1f3874ea848a07be936993) Importer(815301076,1909f56bfc062723c751e8b465ee728b)
Start importing Assets/V1/Model using Guid(cd77307d7c1f3874ea848a07be936993) Importer(815301076,1909f56bfc062723c751e8b465ee728b)  -> (artifact id: '339685fc921a13b6c9cfec6e56b2c99d') in 0.003811 seconds 
========================================================================
Received Import Request.
  Time since last request: 0.000028 seconds.
  path: Assets/V1/Model/V1_T2.obj
  artifactKey: Guid(5620a09226f109343943f01b6efcd974) Importer(815301076,1909f56bfc062723c751e8b465ee728b)
Start importing Assets/V1/Model/V1_T2.obj using Guid(5620a09226f109343943f01b6efcd974) Importer(815301076,1909f56bfc062723c751e8b465ee728b)  -> (artifact id: 'b82c5d69f5cb19a6bfe574a7ea475b2e') in 0.016048 seconds 
========================================================================
Received Import Request.
  Time since last request: 360.197477 seconds.
  path: Assets/V1/TextureSets/T1/S3/V1_T1_S3_AO.png
  artifactKey: Guid(ae8039d82e90348489ed976e27599cae) Importer(815301076,1909f56bfc062723c751e8b465ee728b)
Start importing Assets/V1/TextureSets/T1/S3/V1_T1_S3_AO.png using Guid(ae8039d82e90348489ed976e27599cae) Importer(815301076,1909f56bfc062723c751e8b465ee728b)  -> (artifact id: '35957b30ce8ee638a8b71f9d45c9f3af') in 0.047984 seconds 
========================================================================
Received Import Request.
  Time since last request: 0.000015 seconds.
  path: Assets/V1/TextureSets/T1/S3/V1_T1_S3_Normal.png
  artifactKey: Guid(d7d79e13e8e158c44a628afdc02de67c) Importer(815301076,1909f56bfc062723c751e8b465ee728b)
Start importing Assets/V1/TextureSets/T1/S3/V1_T1_S3_Normal.png using Guid(d7d79e13e8e158c44a628afdc02de67c) Importer(815301076,1909f56bfc062723c751e8b465ee728b)  -> (artifact id: '4b14a5b91b557d670d84c67ff5b2c19c') in 0.016551 seconds 
========================================================================
Received Import Request.
  Time since last request: 9.921867 seconds.
  path: Assets/V1/Mats/T1/V1_T1_S2.mat
  artifactKey: Guid(30716811bfd378a448227c056ca4ec2b) Importer(815301076,1909f56bfc062723c751e8b465ee728b)
Start importing Assets/V1/Mats/T1/V1_T1_S2.mat using Guid(30716811bfd378a448227c056ca4ec2b) Importer(815301076,1909f56bfc062723c751e8b465ee728b)  -> (artifact id: 'aa27a32c86222a5e0b5e2d46db5c3329') in 0.252797 seconds 
========================================================================
Received Import Request.
  Time since last request: 0.000023 seconds.
  path: Assets/V1/Mats/T1/V1_T1_S5.mat
  artifactKey: Guid(078edf659f7bbfd4497e2a464b310e4e) Importer(815301076,1909f56bfc062723c751e8b465ee728b)
Start importing Assets/V1/Mats/T1/V1_T1_S5.mat using Guid(078edf659f7bbfd4497e2a464b310e4e) Importer(815301076,1909f56bfc062723c751e8b465ee728b)  -> (artifact id: '73378a93bb29e39ec2c8353cd9c78f10') in 0.032917 seconds 
========================================================================
Received Import Request.
  Time since last request: 0.000024 seconds.
  path: Assets/V1/Mats/T2/V1_T2_S2.mat
  artifactKey: Guid(00d2c2b13898b87409b557b6f3e034e3) Importer(815301076,1909f56bfc062723c751e8b465ee728b)
Start importing Assets/V1/Mats/T2/V1_T2_S2.mat using Guid(00d2c2b13898b87409b557b6f3e034e3) Importer(815301076,1909f56bfc062723c751e8b465ee728b)  -> (artifact id: '7f971ff062c3b806497f822441794e15') in 0.041428 seconds 
========================================================================
Received Import Request.
  Time since last request: 0.000020 seconds.
  path: Assets/V1/Mats/T2/V1_T2_S1.mat
  artifactKey: Guid(6ff5bdad20f027f4eb4c666507ba5e57) Importer(815301076,1909f56bfc062723c751e8b465ee728b)
Start importing Assets/V1/Mats/T2/V1_T2_S1.mat using Guid(6ff5bdad20f027f4eb4c666507ba5e57) Importer(815301076,1909f56bfc062723c751e8b465ee728b)  -> (artifact id: 'b016239c8b40bb3891bed250519ab280') in 0.033221 seconds 
========================================================================
Received Import Request.
  Time since last request: 0.000016 seconds.
  path: Assets/V1/Mats/T1/V1_T1_S6.mat
  artifactKey: Guid(12b3f9469630b5a408c70e43910f1478) Importer(815301076,1909f56bfc062723c751e8b465ee728b)
Start importing Assets/V1/Mats/T1/V1_T1_S6.mat using Guid(12b3f9469630b5a408c70e43910f1478) Importer(815301076,1909f56bfc062723c751e8b465ee728b)  -> (artifact id: '4fd64027d3a4097b1b4ed59b0d3c274f') in 0.034119 seconds 
========================================================================
Received Import Request.
  Time since last request: 0.000015 seconds.
  path: Assets/V1/Mats/T1/V1_T1_S3.mat
  artifactKey: Guid(1357fd804a87bd446b7cc45d02f52104) Importer(815301076,1909f56bfc062723c751e8b465ee728b)
Start importing Assets/V1/Mats/T1/V1_T1_S3.mat using Guid(1357fd804a87bd446b7cc45d02f52104) Importer(815301076,1909f56bfc062723c751e8b465ee728b)  -> (artifact id: 'a05cf99aad3eab8026218fd481fa01b7') in 0.034761 seconds 
========================================================================
Received Import Request.
  Time since last request: 0.000053 seconds.
  path: Assets/V1/Mats/T1/V1_T1_S4.mat
  artifactKey: Guid(a267901b839c57943b24d07f23579bca) Importer(815301076,1909f56bfc062723c751e8b465ee728b)
Start importing Assets/V1/Mats/T1/V1_T1_S4.mat using Guid(a267901b839c57943b24d07f23579bca) Importer(815301076,1909f56bfc062723c751e8b465ee728b)  -> (artifact id: 'c10af211ee9f7a1fe94cfe406d7b2078') in 0.023732 seconds 
Editor requested this worker to shutdown with reason: Scaling down because of idle timeout
AssetImportWorker is now disconnected from the server
Process exiting
Exiting without the bug reporter. Application will terminate with return code 0