Using pre-set license
Built from '2021.3/staging' branch; Version is '2021.3.26f1 (a16dc32e0ff2) revision 10579395'; Using compiler version '192829333'; Build Type 'Release'
OS: 'Windows 11  (10.0.22621) 64bit Professional' Language: 'ru' Physical Memory: 32690 MB
BatchMode: 1, IsHumanControllingUs: 0, StartBugReporterOnCrash: 0, Is64bit: 1, IsPro: 1

COMMAND LINE ARGUMENTS:
F:\2021.3.26f1\Editor\Unity.exe
-adb2
-batchMode
-noUpm
-name
AssetImportWorker5
-projectPath
C:/Users/user/Desktop/git/Unity-test-task/ТЗ
-logFile
Logs/AssetImportWorker5.log
-srvPort
49798
Successfully changed project path to: C:/Users/user/Desktop/git/Unity-test-task/ТЗ
C:/Users/user/Desktop/git/Unity-test-task/ТЗ
[UnityMemory] Configuration Parameters - Can be set up in boot.config
    "memorysetup-bucket-allocator-granularity=16"
    "memorysetup-bucket-allocator-bucket-count=8"
    "memorysetup-bucket-allocator-block-size=33554432"
    "memorysetup-bucket-allocator-block-count=8"
    "memorysetup-main-allocator-block-size=16777216"
    "memorysetup-thread-allocator-block-size=16777216"
    "memorysetup-gfx-main-allocator-block-size=16777216"
    "memorysetup-gfx-thread-allocator-block-size=16777216"
    "memorysetup-cache-allocator-block-size=4194304"
    "memorysetup-typetree-allocator-block-size=2097152"
    "memorysetup-profiler-bucket-allocator-granularity=16"
    "memorysetup-profiler-bucket-allocator-bucket-count=8"
    "memorysetup-profiler-bucket-allocator-block-size=33554432"
    "memorysetup-profiler-bucket-allocator-block-count=8"
    "memorysetup-profiler-allocator-block-size=16777216"
    "memorysetup-profiler-editor-allocator-block-size=1048576"
    "memorysetup-temp-allocator-size-main=16777216"
    "memorysetup-job-temp-allocator-block-size=2097152"
    "memorysetup-job-temp-allocator-block-size-background=1048576"
    "memorysetup-job-temp-allocator-reduction-small-platforms=262144"
    "memorysetup-temp-allocator-size-background-worker=32768"
    "memorysetup-temp-allocator-size-job-worker=262144"
    "memorysetup-temp-allocator-size-preload-manager=33554432"
    "memorysetup-temp-allocator-size-nav-mesh-worker=65536"
    "memorysetup-temp-allocator-size-audio-worker=65536"
    "memorysetup-temp-allocator-size-cloud-worker=32768"
    "memorysetup-temp-allocator-size-gi-baking-worker=262144"
    "memorysetup-temp-allocator-size-gfx=262144"
Player connection [7044] Host "[IP] 192.168.1.89 [Port] 0 [Flags] 2 [Guid] 2456386230 [EditorId] 2456386230 [Version] 1048832 [Id] WindowsEditor(7,Pewnoy) [Debug] 1 [PackageName] WindowsEditor [ProjectName] Editor" joined multi-casting on [225.0.0.222:54997]...

Player connection [7044] Host "[IP] 192.168.1.89 [Port] 0 [Flags] 2 [Guid] 2456386230 [EditorId] 2456386230 [Version] 1048832 [Id] WindowsEditor(7,Pewnoy) [Debug] 1 [PackageName] WindowsEditor [ProjectName] Editor" joined alternative multi-casting on [225.0.0.222:34997]...

Refreshing native plugins compatible for Editor in 62.13 ms, found 3 plugins.
Preloading 0 native plugins for Editor in 0.00 ms.
Initialize engine version: 2021.3.26f1 (a16dc32e0ff2)
[Subsystems] Discovering subsystems at path F:/2021.3.26f1/Editor/Data/Resources/UnitySubsystems
[Subsystems] Discovering subsystems at path C:/Users/user/Desktop/git/Unity-test-task/ТЗ/Assets
GfxDevice: creating device client; threaded=0; jobified=0
Direct3D:
    Version:  Direct3D 11.0 [level 11.1]
    Renderer: NVIDIA GeForce RTX 4060 Ti (ID=0x2803)
    Vendor:   NVIDIA
    VRAM:     7949 MB
    Driver:   32.0.15.6636
Initialize mono
Mono path[0] = 'F:/2021.3.26f1/Editor/Data/Managed'
Mono path[1] = 'F:/2021.3.26f1/Editor/Data/MonoBleedingEdge/lib/mono/unityjit-win32'
Mono config path = 'F:/2021.3.26f1/Editor/Data/MonoBleedingEdge/etc'
Using monoOptions --debugger-agent=transport=dt_socket,embedding=1,server=y,suspend=n,address=127.0.0.1:56044
Begin MonoManager ReloadAssembly
Registering precompiled unity dll's ...
Register platform support module: F:/2021.3.26f1/Editor/Data/PlaybackEngines/WindowsStandaloneSupport/UnityEditor.WindowsStandalone.Extensions.dll
Registered in 0.001411 seconds.
Native extension for WindowsStandalone target not found
Refreshing native plugins compatible for Editor in 48.84 ms, found 3 plugins.
Preloading 0 native plugins for Editor in 0.00 ms.
Mono: successfully reloaded assembly
- Completed reload, in  0.437 seconds
Domain Reload Profiling:
	ReloadAssembly (438ms)
		BeginReloadAssembly (72ms)
			ExecutionOrderSort (0ms)
			DisableScriptedObjects (0ms)
			BackupInstance (0ms)
			ReleaseScriptingObjects (0ms)
			CreateAndSetChildDomain (1ms)
		EndReloadAssembly (303ms)
			LoadAssemblies (71ms)
			RebuildTransferFunctionScriptingTraits (0ms)
			SetupTypeCache (72ms)
			ReleaseScriptCaches (0ms)
			RebuildScriptCaches (20ms)
			SetupLoadedEditorAssemblies (176ms)
				LogAssemblyErrors (0ms)
				InitializePlatformSupportModulesInManaged (4ms)
				SetLoadedEditorAssemblies (0ms)
				RefreshPlugins (49ms)
				BeforeProcessingInitializeOnLoad (1ms)
				ProcessInitializeOnLoadAttributes (88ms)
				ProcessInitializeOnLoadMethodAttributes (34ms)
				AfterProcessingInitializeOnLoad (0ms)
				EditorAssembliesLoaded (0ms)
			ExecutionOrderSort2 (0ms)
			AwakeInstancesAfterBackupRestoration (0ms)
Platform modules already initialized, skipping
Registering precompiled user dll's ...
Registered in 0.005044 seconds.
Begin MonoManager ReloadAssembly
Symbol file LoadedFromMemory doesn't match image C:\Users\user\Desktop\git\Unity-test-task\ТЗ\Library\PackageCache\com.unity.visualscripting@1.8.0\Editor\VisualScripting.Core\Dependencies\YamlDotNet\Unity.VisualScripting.YamlDotNet.dll
Symbol file LoadedFromMemory doesn't match image C:\Users\user\Desktop\git\Unity-test-task\ТЗ\Library\PackageCache\com.unity.visualscripting@1.8.0\Editor\VisualScripting.Core\Dependencies\DotNetZip\Unity.VisualScripting.IonicZip.dll
Native extension for WindowsStandalone target not found
Refreshing native plugins compatible for Editor in 0.51 ms, found 3 plugins.
Preloading 0 native plugins for Editor in 0.00 ms.
Mono: successfully reloaded assembly
- Completed reload, in  0.702 seconds
Domain Reload Profiling:
	ReloadAssembly (702ms)
		BeginReloadAssembly (98ms)
			ExecutionOrderSort (0ms)
			DisableScriptedObjects (5ms)
			BackupInstance (0ms)
			ReleaseScriptingObjects (0ms)
			CreateAndSetChildDomain (19ms)
		EndReloadAssembly (533ms)
			LoadAssemblies (73ms)
			RebuildTransferFunctionScriptingTraits (0ms)
			SetupTypeCache (170ms)
			ReleaseScriptCaches (0ms)
			RebuildScriptCaches (34ms)
			SetupLoadedEditorAssemblies (246ms)
				LogAssemblyErrors (0ms)
				InitializePlatformSupportModulesInManaged (3ms)
				SetLoadedEditorAssemblies (0ms)
				RefreshPlugins (1ms)
				BeforeProcessingInitializeOnLoad (60ms)
				ProcessInitializeOnLoadAttributes (166ms)
				ProcessInitializeOnLoadMethodAttributes (15ms)
				AfterProcessingInitializeOnLoad (1ms)
				EditorAssembliesLoaded (0ms)
			ExecutionOrderSort2 (0ms)
			AwakeInstancesAfterBackupRestoration (5ms)
Platform modules already initialized, skipping
========================================================================
Worker process is ready to serve import requests
Launched and connected shader compiler UnityShaderCompiler.exe after 0.04 seconds
Refreshing native plugins compatible for Editor in 0.53 ms, found 3 plugins.
Preloading 0 native plugins for Editor in 0.00 ms.
Unloading 3051 Unused Serialized files (Serialized files now loaded: 0)
Unloading 21 unused Assets / (30.2 KB). Loaded Objects now: 3540.
Memory consumption went from 127.5 MB to 127.5 MB.
Total: 2.613500 ms (FindLiveObjects: 0.218400 ms CreateObjectMapping: 0.113300 ms MarkObjects: 2.257700 ms  DeleteObjects: 0.023300 ms)

AssetImportParameters requested are different than current active one (requested -> active):
  custom:video-decoder-ogg-theora: a1e56fd34408186e4bbccfd4996cb3dc -> 
  custom:container-muxer-webm: aa71ff27fc2769a1b78a27578f13a17b -> 
  custom:container-demuxer-webm: 4f35f7cbe854078d1ac9338744f61a02 -> 
  custom:video-encoder-webm-vp8: eb34c28f22e8b96e1ab97ce403110664 -> 
  custom:video-codec-MediaFoundation-h265: 746d11721c4dcdbdad8f713fa42b33f4 -> 
  custom:audio-encoder-webm-vorbis: bf7c407c2cedff20999df2af8eb42d56 -> 
  custom:framework-win-MediaFoundation: 216162199b28c13a410421893ffa2e32 -> 
  custom:container-demuxer-ogg: 62fdf1f143b41e24485cea50d1cbac27 -> 
  custom:video-decoder-webm-vp8: 9c59270c3fd7afecdb556c50c9e8de78 -> 
  custom:audio-decoder-ogg-vorbis: bf7c407c2cedff20999df2af8eb42d56 -> 
========================================================================
Received Import Request.
  Time since last request: 151004.844597 seconds.
  path: Assets/V1/Mats/T1/V1_T1_S2.mat
  artifactKey: Guid(30716811bfd378a448227c056ca4ec2b) Importer(815301076,1909f56bfc062723c751e8b465ee728b)
Start importing Assets/V1/Mats/T1/V1_T1_S2.mat using Guid(30716811bfd378a448227c056ca4ec2b) Importer(815301076,1909f56bfc062723c751e8b465ee728b)  -> (artifact id: 'd849e0d5466ea6055bb0fc65961e8bc9') in 0.250562 seconds 
========================================================================
Received Import Request.
  Time since last request: 0.000022 seconds.
  path: Assets/V1/Mats/T2/V1_T2_S1.mat
  artifactKey: Guid(6ff5bdad20f027f4eb4c666507ba5e57) Importer(815301076,1909f56bfc062723c751e8b465ee728b)
Start importing Assets/V1/Mats/T2/V1_T2_S1.mat using Guid(6ff5bdad20f027f4eb4c666507ba5e57) Importer(815301076,1909f56bfc062723c751e8b465ee728b)  -> (artifact id: 'e3dbe527ffaa85eb5ba7b9f501aebd22') in 0.030436 seconds 
========================================================================
Received Import Request.
  Time since last request: 0.000023 seconds.
  path: Assets/V1/Mats/T1/V1_T1_S3.mat
  artifactKey: Guid(1357fd804a87bd446b7cc45d02f52104) Importer(815301076,1909f56bfc062723c751e8b465ee728b)
Start importing Assets/V1/Mats/T1/V1_T1_S3.mat using Guid(1357fd804a87bd446b7cc45d02f52104) Importer(815301076,1909f56bfc062723c751e8b465ee728b)  -> (artifact id: '514a00b922709c26b3666b7525fcac15') in 0.029644 seconds 
========================================================================
Received Import Request.
  Time since last request: 41.251967 seconds.
  path: Assets/V1/TextureSets/T1/S1/V1_T1_S1_AO.png
  artifactKey: Guid(dce2036ef5f57914fa0cd4e6a69959aa) Importer(815301076,1909f56bfc062723c751e8b465ee728b)
Start importing Assets/V1/TextureSets/T1/S1/V1_T1_S1_AO.png using Guid(dce2036ef5f57914fa0cd4e6a69959aa) Importer(815301076,1909f56bfc062723c751e8b465ee728b)  -> (artifact id: '67e9386e87904adecf4f6880425c9f36') in 0.021460 seconds 
========================================================================
Received Import Request.
  Time since last request: 0.000020 seconds.
  path: Assets/V1/TextureSets/T1/S2/V1_T1_S2_Albedo.png
  artifactKey: Guid(06965a7c405c97e4fbf4d43713b43544) Importer(815301076,1909f56bfc062723c751e8b465ee728b)
Start importing Assets/V1/TextureSets/T1/S2/V1_T1_S2_Albedo.png using Guid(06965a7c405c97e4fbf4d43713b43544) Importer(815301076,1909f56bfc062723c751e8b465ee728b)  -> (artifact id: '664b1092abcf43903133b256231bcd0f') in 0.025052 seconds 
========================================================================
Received Import Request.
  Time since last request: 0.000016 seconds.
  path: Assets/V1/TextureSets/T1/S2/V1_T1_S2_MetalGloss.tga
  artifactKey: Guid(83bcc54ebf8e4004b800b88a9b29b93e) Importer(815301076,1909f56bfc062723c751e8b465ee728b)
Start importing Assets/V1/TextureSets/T1/S2/V1_T1_S2_MetalGloss.tga using Guid(83bcc54ebf8e4004b800b88a9b29b93e) Importer(815301076,1909f56bfc062723c751e8b465ee728b)  -> (artifact id: '498789ee84552cf3747589078d6ca465') in 0.015739 seconds 
========================================================================
Received Import Request.
  Time since last request: 0.000300 seconds.
  path: Assets/V1/TextureSets/T1/S2/V1_T1_S2_Normal.png
  artifactKey: Guid(48095e219a18c8546b0cdc84cbb3f7aa) Importer(815301076,1909f56bfc062723c751e8b465ee728b)
Start importing Assets/V1/TextureSets/T1/S2/V1_T1_S2_Normal.png using Guid(48095e219a18c8546b0cdc84cbb3f7aa) Importer(815301076,1909f56bfc062723c751e8b465ee728b)  -> (artifact id: 'b7ca7d7dae688c454b63b800c0785c2d') in 0.039414 seconds 
========================================================================
Received Import Request.
  Time since last request: 0.000014 seconds.
  path: Assets/V1/TextureSets/T1/S6/V1_T1_S6_MetalGloss.tga
  artifactKey: Guid(25e1e435bd702bb44a1e1e647f2ee547) Importer(815301076,1909f56bfc062723c751e8b465ee728b)
Start importing Assets/V1/TextureSets/T1/S6/V1_T1_S6_MetalGloss.tga using Guid(25e1e435bd702bb44a1e1e647f2ee547) Importer(815301076,1909f56bfc062723c751e8b465ee728b)  -> (artifact id: '79fd3201725a99d314d7a8eeafe21bc5') in 0.026318 seconds 
========================================================================
Received Import Request.
  Time since last request: 0.000015 seconds.
  path: Assets/V1/TextureSets/T2/S2/V1_T2_S2_AO.png
  artifactKey: Guid(528c7c978451dda42b5fc646468d5e75) Importer(815301076,1909f56bfc062723c751e8b465ee728b)
Start importing Assets/V1/TextureSets/T2/S2/V1_T2_S2_AO.png using Guid(528c7c978451dda42b5fc646468d5e75) Importer(815301076,1909f56bfc062723c751e8b465ee728b)  -> (artifact id: '0b13a401c14e11a64612e44ae96a5a12') in 0.014318 seconds 
========================================================================
Received Import Request.
  Time since last request: 0.000015 seconds.
  path: Assets/V1/TextureSets/T2/S2/V1_T2_S2_MetalGloss.tga
  artifactKey: Guid(999a9d857f4a14e4a923c44383d8637e) Importer(815301076,1909f56bfc062723c751e8b465ee728b)
Start importing Assets/V1/TextureSets/T2/S2/V1_T2_S2_MetalGloss.tga using Guid(999a9d857f4a14e4a923c44383d8637e) Importer(815301076,1909f56bfc062723c751e8b465ee728b)  -> (artifact id: 'ec9bfef63d265b7736b13319a72972e5') in 0.029669 seconds 
========================================================================
Received Import Request.
  Time since last request: 0.000016 seconds.
  path: Assets/V1/TextureSets/T2/S4/V1_T2_S4_AO.png
  artifactKey: Guid(cc68f178f671bcb4fb450ce7cf3b4c9d) Importer(815301076,1909f56bfc062723c751e8b465ee728b)
Start importing Assets/V1/TextureSets/T2/S4/V1_T2_S4_AO.png using Guid(cc68f178f671bcb4fb450ce7cf3b4c9d) Importer(815301076,1909f56bfc062723c751e8b465ee728b)  -> (artifact id: '94e4ce3ddab928177279e93e8f9b92f6') in 0.028210 seconds 
========================================================================
Received Import Request.
  Time since last request: 0.000026 seconds.
  path: Assets/V1/TextureSets/T2/S1/V1_T2_S1_Normal.png
  artifactKey: Guid(efad183511846fe47b30364a269ee47d) Importer(815301076,1909f56bfc062723c751e8b465ee728b)
Start importing Assets/V1/TextureSets/T2/S1/V1_T2_S1_Normal.png using Guid(efad183511846fe47b30364a269ee47d) Importer(815301076,1909f56bfc062723c751e8b465ee728b)  -> (artifact id: 'f9b7ed8ea2b504c6259dbbc2a724b365') in 0.026590 seconds 
========================================================================
Received Import Request.
  Time since last request: 0.000016 seconds.
  path: Assets/V1/TextureSets/T1/S6/V1_T1_S6_Albedo.png
  artifactKey: Guid(abdea3d7d9734514f9ded5f7f0b1c013) Importer(815301076,1909f56bfc062723c751e8b465ee728b)
Start importing Assets/V1/TextureSets/T1/S6/V1_T1_S6_Albedo.png using Guid(abdea3d7d9734514f9ded5f7f0b1c013) Importer(815301076,1909f56bfc062723c751e8b465ee728b)  -> (artifact id: '57a64245b5eead3b5e9a23e6426a4399') in 0.028265 seconds 
========================================================================
Received Import Request.
  Time since last request: 0.000016 seconds.
  path: Assets/V1/TextureSets/T1/S4/V1_T1_S4_Normal.png
  artifactKey: Guid(91d516143fa57f345a5f149b8bad7621) Importer(815301076,1909f56bfc062723c751e8b465ee728b)
Start importing Assets/V1/TextureSets/T1/S4/V1_T1_S4_Normal.png using Guid(91d516143fa57f345a5f149b8bad7621) Importer(815301076,1909f56bfc062723c751e8b465ee728b)  -> (artifact id: '13066631fe7c1f7d35517ec9bb421d00') in 0.029322 seconds 
========================================================================
Received Import Request.
  Time since last request: 0.000016 seconds.
  path: Assets/V1/TextureSets/T2/S3/V1_T2_S3_Albedo.png
  artifactKey: Guid(187a5899ce532464289130ddba15ca4f) Importer(815301076,1909f56bfc062723c751e8b465ee728b)
Start importing Assets/V1/TextureSets/T2/S3/V1_T2_S3_Albedo.png using Guid(187a5899ce532464289130ddba15ca4f) Importer(815301076,1909f56bfc062723c751e8b465ee728b)  -> (artifact id: '7203bcae093ab0ab93ef53cec5e3d773') in 0.013636 seconds 
========================================================================
Received Import Request.
  Time since last request: 0.000022 seconds.
  path: Assets/V1/TextureSets/T2/S2/V1_T2_S2_Albedo.png
  artifactKey: Guid(20f19e420ab7be8479f97d352ef20197) Importer(815301076,1909f56bfc062723c751e8b465ee728b)
Start importing Assets/V1/TextureSets/T2/S2/V1_T2_S2_Albedo.png using Guid(20f19e420ab7be8479f97d352ef20197) Importer(815301076,1909f56bfc062723c751e8b465ee728b)  -> (artifact id: '40a6fae4ca8a4ae602055d49fd32417a') in 0.016670 seconds 
========================================================================
Received Import Request.
  Time since last request: 0.028800 seconds.
  path: Assets/V1/TextureSets/T2/S5/V1_T2_S5_Albedo.png
  artifactKey: Guid(28bcb2fa3fbab274f8b5ce7e8627edc7) Importer(815301076,1909f56bfc062723c751e8b465ee728b)
Start importing Assets/V1/TextureSets/T2/S5/V1_T2_S5_Albedo.png using Guid(28bcb2fa3fbab274f8b5ce7e8627edc7) Importer(815301076,1909f56bfc062723c751e8b465ee728b)  -> (artifact id: '1d4ebb725db0e7e329acf8012b6366ca') in 0.015619 seconds 
========================================================================
Received Import Request.
  Time since last request: 0.000021 seconds.
  path: Assets/V1/TextureSets/T2/S5/V1_T2_S5_Normal.png
  artifactKey: Guid(2f33e594a1896b747a1baecb4795478d) Importer(815301076,1909f56bfc062723c751e8b465ee728b)
Start importing Assets/V1/TextureSets/T2/S5/V1_T2_S5_Normal.png using Guid(2f33e594a1896b747a1baecb4795478d) Importer(815301076,1909f56bfc062723c751e8b465ee728b)  -> (artifact id: '86a338d9ae5746a5ebad66eceef4fe0c') in 0.037260 seconds 
========================================================================
Received Import Request.
  Time since last request: 0.000019 seconds.
  path: Assets/V1/TextureSets/T2/S6/V1_T2_S6_AO.png
  artifactKey: Guid(afb056c7a20810946b0711721bc93760) Importer(815301076,1909f56bfc062723c751e8b465ee728b)
Start importing Assets/V1/TextureSets/T2/S6/V1_T2_S6_AO.png using Guid(afb056c7a20810946b0711721bc93760) Importer(815301076,1909f56bfc062723c751e8b465ee728b)  -> (artifact id: '0976057cb2a04ff4d72b2bf16cb5b125') in 0.026839 seconds 
========================================================================
Received Import Request.
  Time since last request: 221.398346 seconds.
  path: Assets/material/NewLayer.terrainlayer
  artifactKey: Guid(3e146e02c45472b40b9c445a5667b378) Importer(815301076,1909f56bfc062723c751e8b465ee728b)
Start importing Assets/material/NewLayer.terrainlayer using Guid(3e146e02c45472b40b9c445a5667b378) Importer(815301076,1909f56bfc062723c751e8b465ee728b)  -> (artifact id: '6f4e5adcf9d911e1d812b653b9c39ee0') in 0.010758 seconds 
========================================================================
Received Import Request.
  Time since last request: 384.839980 seconds.
  path: Assets/material/road.mat
  artifactKey: Guid(c036763359b648947af0fc2034a04921) Importer(815301076,1909f56bfc062723c751e8b465ee728b)
Start importing Assets/material/road.mat using Guid(c036763359b648947af0fc2034a04921) Importer(815301076,1909f56bfc062723c751e8b465ee728b)  -> (artifact id: 'ba8b634a0dbff283e7c079f2c4066c89') in 0.012865 seconds 
========================================================================
Received Import Request.
  Time since last request: 2016.373339 seconds.
  path: Assets/material/NewLayer 2.terrainlayer
  artifactKey: Guid(86631a6001dbc32408e6a426756f6900) Importer(815301076,1909f56bfc062723c751e8b465ee728b)
Start importing Assets/material/NewLayer 2.terrainlayer using Guid(86631a6001dbc32408e6a426756f6900) Importer(815301076,1909f56bfc062723c751e8b465ee728b)  -> (artifact id: '687978edc032884e29ce8ad266f54f49') in 0.008070 seconds 
