Using pre-set license
Built from '2021.3/staging' branch; Version is '2021.3.26f1 (a16dc32e0ff2) revision 10579395'; Using compiler version '192829333'; Build Type 'Release'
OS: 'Windows 11  (10.0.22621) 64bit Professional' Language: 'ru' Physical Memory: 32690 MB
BatchMode: 1, IsHumanControllingUs: 0, StartBugReporterOnCrash: 0, Is64bit: 1, IsPro: 1

COMMAND LINE ARGUMENTS:
F:\2021.3.26f1\Editor\Unity.exe
-adb2
-batchMode
-noUpm
-name
AssetImportWorker6
-projectPath
C:/Users/user/Desktop/git/Unity-test-task/ТЗ
-logFile
Logs/AssetImportWorker6.log
-srvPort
49798
Successfully changed project path to: C:/Users/user/Desktop/git/Unity-test-task/ТЗ
C:/Users/user/Desktop/git/Unity-test-task/ТЗ
[UnityMemory] Configuration Parameters - Can be set up in boot.config
    "memorysetup-bucket-allocator-granularity=16"
    "memorysetup-bucket-allocator-bucket-count=8"
    "memorysetup-bucket-allocator-block-size=33554432"
    "memorysetup-bucket-allocator-block-count=8"
    "memorysetup-main-allocator-block-size=16777216"
    "memorysetup-thread-allocator-block-size=16777216"
    "memorysetup-gfx-main-allocator-block-size=16777216"
    "memorysetup-gfx-thread-allocator-block-size=16777216"
    "memorysetup-cache-allocator-block-size=4194304"
    "memorysetup-typetree-allocator-block-size=2097152"
    "memorysetup-profiler-bucket-allocator-granularity=16"
    "memorysetup-profiler-bucket-allocator-bucket-count=8"
    "memorysetup-profiler-bucket-allocator-block-size=33554432"
    "memorysetup-profiler-bucket-allocator-block-count=8"
    "memorysetup-profiler-allocator-block-size=16777216"
    "memorysetup-profiler-editor-allocator-block-size=1048576"
    "memorysetup-temp-allocator-size-main=16777216"
    "memorysetup-job-temp-allocator-block-size=2097152"
    "memorysetup-job-temp-allocator-block-size-background=1048576"
    "memorysetup-job-temp-allocator-reduction-small-platforms=262144"
    "memorysetup-temp-allocator-size-background-worker=32768"
    "memorysetup-temp-allocator-size-job-worker=262144"
    "memorysetup-temp-allocator-size-preload-manager=33554432"
    "memorysetup-temp-allocator-size-nav-mesh-worker=65536"
    "memorysetup-temp-allocator-size-audio-worker=65536"
    "memorysetup-temp-allocator-size-cloud-worker=32768"
    "memorysetup-temp-allocator-size-gi-baking-worker=262144"
    "memorysetup-temp-allocator-size-gfx=262144"
Player connection [16972] Host "[IP] 192.168.1.89 [Port] 0 [Flags] 2 [Guid] 3641057902 [EditorId] 3641057902 [Version] 1048832 [Id] WindowsEditor(7,Pewnoy) [Debug] 1 [PackageName] WindowsEditor [ProjectName] Editor" joined multi-casting on [225.0.0.222:54997]...

Player connection [16972] Host "[IP] 192.168.1.89 [Port] 0 [Flags] 2 [Guid] 3641057902 [EditorId] 3641057902 [Version] 1048832 [Id] WindowsEditor(7,Pewnoy) [Debug] 1 [PackageName] WindowsEditor [ProjectName] Editor" joined alternative multi-casting on [225.0.0.222:34997]...

Refreshing native plugins compatible for Editor in 65.57 ms, found 3 plugins.
Preloading 0 native plugins for Editor in 0.00 ms.
Initialize engine version: 2021.3.26f1 (a16dc32e0ff2)
[Subsystems] Discovering subsystems at path F:/2021.3.26f1/Editor/Data/Resources/UnitySubsystems
[Subsystems] Discovering subsystems at path C:/Users/user/Desktop/git/Unity-test-task/ТЗ/Assets
GfxDevice: creating device client; threaded=0; jobified=0
Direct3D:
    Version:  Direct3D 11.0 [level 11.1]
    Renderer: NVIDIA GeForce RTX 4060 Ti (ID=0x2803)
    Vendor:   NVIDIA
    VRAM:     7949 MB
    Driver:   32.0.15.6636
Initialize mono
Mono path[0] = 'F:/2021.3.26f1/Editor/Data/Managed'
Mono path[1] = 'F:/2021.3.26f1/Editor/Data/MonoBleedingEdge/lib/mono/unityjit-win32'
Mono config path = 'F:/2021.3.26f1/Editor/Data/MonoBleedingEdge/etc'
Using monoOptions --debugger-agent=transport=dt_socket,embedding=1,server=y,suspend=n,address=127.0.0.1:56096
Begin MonoManager ReloadAssembly
Registering precompiled unity dll's ...
Register platform support module: F:/2021.3.26f1/Editor/Data/PlaybackEngines/WindowsStandaloneSupport/UnityEditor.WindowsStandalone.Extensions.dll
Registered in 0.001243 seconds.
Native extension for WindowsStandalone target not found
Refreshing native plugins compatible for Editor in 47.68 ms, found 3 plugins.
Preloading 0 native plugins for Editor in 0.00 ms.
Mono: successfully reloaded assembly
- Completed reload, in  0.435 seconds
Domain Reload Profiling:
	ReloadAssembly (436ms)
		BeginReloadAssembly (71ms)
			ExecutionOrderSort (0ms)
			DisableScriptedObjects (0ms)
			BackupInstance (0ms)
			ReleaseScriptingObjects (0ms)
			CreateAndSetChildDomain (1ms)
		EndReloadAssembly (301ms)
			LoadAssemblies (70ms)
			RebuildTransferFunctionScriptingTraits (0ms)
			SetupTypeCache (72ms)
			ReleaseScriptCaches (0ms)
			RebuildScriptCaches (20ms)
			SetupLoadedEditorAssemblies (175ms)
				LogAssemblyErrors (0ms)
				InitializePlatformSupportModulesInManaged (4ms)
				SetLoadedEditorAssemblies (0ms)
				RefreshPlugins (48ms)
				BeforeProcessingInitializeOnLoad (1ms)
				ProcessInitializeOnLoadAttributes (88ms)
				ProcessInitializeOnLoadMethodAttributes (34ms)
				AfterProcessingInitializeOnLoad (0ms)
				EditorAssembliesLoaded (0ms)
			ExecutionOrderSort2 (0ms)
			AwakeInstancesAfterBackupRestoration (0ms)
Platform modules already initialized, skipping
Registering precompiled user dll's ...
Registered in 0.004811 seconds.
Begin MonoManager ReloadAssembly
Symbol file LoadedFromMemory doesn't match image C:\Users\user\Desktop\git\Unity-test-task\ТЗ\Library\PackageCache\com.unity.visualscripting@1.8.0\Editor\VisualScripting.Core\Dependencies\YamlDotNet\Unity.VisualScripting.YamlDotNet.dll
Symbol file LoadedFromMemory doesn't match image C:\Users\user\Desktop\git\Unity-test-task\ТЗ\Library\PackageCache\com.unity.visualscripting@1.8.0\Editor\VisualScripting.Core\Dependencies\DotNetZip\Unity.VisualScripting.IonicZip.dll
Native extension for WindowsStandalone target not found
Refreshing native plugins compatible for Editor in 0.54 ms, found 3 plugins.
Preloading 0 native plugins for Editor in 0.00 ms.
Mono: successfully reloaded assembly
- Completed reload, in  0.695 seconds
Domain Reload Profiling:
	ReloadAssembly (696ms)
		BeginReloadAssembly (97ms)
			ExecutionOrderSort (0ms)
			DisableScriptedObjects (4ms)
			BackupInstance (0ms)
			ReleaseScriptingObjects (0ms)
			CreateAndSetChildDomain (19ms)
		EndReloadAssembly (528ms)
			LoadAssemblies (72ms)
			RebuildTransferFunctionScriptingTraits (0ms)
			SetupTypeCache (167ms)
			ReleaseScriptCaches (0ms)
			RebuildScriptCaches (33ms)
			SetupLoadedEditorAssemblies (245ms)
				LogAssemblyErrors (0ms)
				InitializePlatformSupportModulesInManaged (3ms)
				SetLoadedEditorAssemblies (0ms)
				RefreshPlugins (1ms)
				BeforeProcessingInitializeOnLoad (60ms)
				ProcessInitializeOnLoadAttributes (165ms)
				ProcessInitializeOnLoadMethodAttributes (15ms)
				AfterProcessingInitializeOnLoad (2ms)
				EditorAssembliesLoaded (0ms)
			ExecutionOrderSort2 (0ms)
			AwakeInstancesAfterBackupRestoration (5ms)
Platform modules already initialized, skipping
========================================================================
Worker process is ready to serve import requests
Launched and connected shader compiler UnityShaderCompiler.exe after 0.04 seconds
Refreshing native plugins compatible for Editor in 0.41 ms, found 3 plugins.
Preloading 0 native plugins for Editor in 0.00 ms.
Unloading 3051 Unused Serialized files (Serialized files now loaded: 0)
Unloading 21 unused Assets / (30.2 KB). Loaded Objects now: 3540.
Memory consumption went from 127.5 MB to 127.5 MB.
Total: 2.266700 ms (FindLiveObjects: 0.200200 ms CreateObjectMapping: 0.076200 ms MarkObjects: 1.971000 ms  DeleteObjects: 0.018200 ms)

AssetImportParameters requested are different than current active one (requested -> active):
  custom:video-decoder-ogg-theora: a1e56fd34408186e4bbccfd4996cb3dc -> 
  custom:container-muxer-webm: aa71ff27fc2769a1b78a27578f13a17b -> 
  custom:container-demuxer-webm: 4f35f7cbe854078d1ac9338744f61a02 -> 
  custom:video-encoder-webm-vp8: eb34c28f22e8b96e1ab97ce403110664 -> 
  custom:video-codec-MediaFoundation-h265: 746d11721c4dcdbdad8f713fa42b33f4 -> 
  custom:audio-encoder-webm-vorbis: bf7c407c2cedff20999df2af8eb42d56 -> 
  custom:framework-win-MediaFoundation: 216162199b28c13a410421893ffa2e32 -> 
  custom:container-demuxer-ogg: 62fdf1f143b41e24485cea50d1cbac27 -> 
  custom:video-decoder-webm-vp8: 9c59270c3fd7afecdb556c50c9e8de78 -> 
  custom:audio-decoder-ogg-vorbis: bf7c407c2cedff20999df2af8eb42d56 -> 
========================================================================
Received Import Request.
  Time since last request: 149699.957452 seconds.
  path: Assets/osnova.asset
  artifactKey: Guid(05afc36aeda003e48ab45171e34f4ba9) Importer(815301076,1909f56bfc062723c751e8b465ee728b)
Start importing Assets/osnova.asset using Guid(05afc36aeda003e48ab45171e34f4ba9) Importer(815301076,1909f56bfc062723c751e8b465ee728b) The tree Tree_04 must use the Nature/Soft Occlusion shader. Otherwise billboarding/lighting will not work correctly.
 -> (artifact id: '7575baac2144c6a3ad4614fcecf185e5') in 0.076250 seconds 
========================================================================
Received Import Request.
  Time since last request: 601.175021 seconds.
  path: Assets/osnova.asset
  artifactKey: Guid(05afc36aeda003e48ab45171e34f4ba9) Importer(815301076,1909f56bfc062723c751e8b465ee728b)
Start importing Assets/osnova.asset using Guid(05afc36aeda003e48ab45171e34f4ba9) Importer(815301076,1909f56bfc062723c751e8b465ee728b) The tree Tree_04 must use the Nature/Soft Occlusion shader. Otherwise billboarding/lighting will not work correctly.
 -> (artifact id: '235c19b121c39eaa1bc1fefaa65820ba') in 0.017412 seconds 
========================================================================
Received Import Request.
  Time since last request: 703.609664 seconds.
  path: Assets/V1/Mats/T1/V1_T1_S1.mat
  artifactKey: Guid(d15382853af1aa14daf50bfe726fd7c9) Importer(815301076,1909f56bfc062723c751e8b465ee728b)
Start importing Assets/V1/Mats/T1/V1_T1_S1.mat using Guid(d15382853af1aa14daf50bfe726fd7c9) Importer(815301076,1909f56bfc062723c751e8b465ee728b)  -> (artifact id: 'fb0d39bdbf4b8ef347eb11a36b319a20') in 0.063510 seconds 
========================================================================
Received Import Request.
  Time since last request: 0.168288 seconds.
  path: Assets/V1/Mats/T2/V1_T2_S2.mat
  artifactKey: Guid(00d2c2b13898b87409b557b6f3e034e3) Importer(815301076,1909f56bfc062723c751e8b465ee728b)
Start importing Assets/V1/Mats/T2/V1_T2_S2.mat using Guid(00d2c2b13898b87409b557b6f3e034e3) Importer(815301076,1909f56bfc062723c751e8b465ee728b)  -> (artifact id: '0309100bb52248bc71ded452b461363e') in 0.049834 seconds 
========================================================================
Received Import Request.
  Time since last request: 41.285025 seconds.
  path: Assets/V1/TextureSets/T1/S1/V1_T1_S1_Albedo.png
  artifactKey: Guid(8dc83ea383e2555488a30cd8d04c26b3) Importer(815301076,1909f56bfc062723c751e8b465ee728b)
Start importing Assets/V1/TextureSets/T1/S1/V1_T1_S1_Albedo.png using Guid(8dc83ea383e2555488a30cd8d04c26b3) Importer(815301076,1909f56bfc062723c751e8b465ee728b)  -> (artifact id: 'e33eebb80c494b2c60790070a0fd4b06') in 0.018298 seconds 
========================================================================
Received Import Request.
  Time since last request: 0.000015 seconds.
  path: Assets/V1/TextureSets/T1/S1/V1_T1_S1_Normal.png
  artifactKey: Guid(7085ed57f045ede42ad7a2195d6d68d1) Importer(815301076,1909f56bfc062723c751e8b465ee728b)
Start importing Assets/V1/TextureSets/T1/S1/V1_T1_S1_Normal.png using Guid(7085ed57f045ede42ad7a2195d6d68d1) Importer(815301076,1909f56bfc062723c751e8b465ee728b)  -> (artifact id: '5abf6fd4e9397407421226f65511565f') in 0.048245 seconds 
========================================================================
Received Import Request.
  Time since last request: 0.000014 seconds.
  path: Assets/V1/TextureSets/T1/S2/V1_T1_S2_AO.png
  artifactKey: Guid(6906becfd68703444aceba580856b01f) Importer(815301076,1909f56bfc062723c751e8b465ee728b)
Start importing Assets/V1/TextureSets/T1/S2/V1_T1_S2_AO.png using Guid(6906becfd68703444aceba580856b01f) Importer(815301076,1909f56bfc062723c751e8b465ee728b)  -> (artifact id: 'ee6f77b42312daac88074f003072bd77') in 0.012533 seconds 
========================================================================
Received Import Request.
  Time since last request: 0.000019 seconds.
  path: Assets/V1/TextureSets/T1/S5/V1_T1_S5_Normal.png
  artifactKey: Guid(e6ad88ee5751e374b9091b506c718564) Importer(815301076,1909f56bfc062723c751e8b465ee728b)
Start importing Assets/V1/TextureSets/T1/S5/V1_T1_S5_Normal.png using Guid(e6ad88ee5751e374b9091b506c718564) Importer(815301076,1909f56bfc062723c751e8b465ee728b)  -> (artifact id: '98b478a4a5eccd33f4a0a02f91788cfb') in 0.023663 seconds 
========================================================================
Received Import Request.
  Time since last request: 0.000016 seconds.
  path: Assets/V1/TextureSets/T1/S6/V1_T1_S6_AO.png
  artifactKey: Guid(ca0263e313200f14082ce67613bc9717) Importer(815301076,1909f56bfc062723c751e8b465ee728b)
Start importing Assets/V1/TextureSets/T1/S6/V1_T1_S6_AO.png using Guid(ca0263e313200f14082ce67613bc9717) Importer(815301076,1909f56bfc062723c751e8b465ee728b)  -> (artifact id: 'ad639351874f2e35e6f603f670760dd3') in 0.027621 seconds 
========================================================================
Received Import Request.
  Time since last request: 0.000013 seconds.
  path: Assets/V1/TextureSets/T2/S2/V1_T2_S2_Normal.png
  artifactKey: Guid(89e38dc140c004d4fa114c443a5992f2) Importer(815301076,1909f56bfc062723c751e8b465ee728b)
Start importing Assets/V1/TextureSets/T2/S2/V1_T2_S2_Normal.png using Guid(89e38dc140c004d4fa114c443a5992f2) Importer(815301076,1909f56bfc062723c751e8b465ee728b)  -> (artifact id: 'f33644d43136ae571664c66e5a86ca5f') in 0.013869 seconds 
========================================================================
Received Import Request.
  Time since last request: 0.000013 seconds.
  path: Assets/V1/TextureSets/T2/S4/V1_T2_S4_MetalGloss.tga
  artifactKey: Guid(671be9f6c4e62f84ea03eebb84b7c4d6) Importer(815301076,1909f56bfc062723c751e8b465ee728b)
Start importing Assets/V1/TextureSets/T2/S4/V1_T2_S4_MetalGloss.tga using Guid(671be9f6c4e62f84ea03eebb84b7c4d6) Importer(815301076,1909f56bfc062723c751e8b465ee728b)  -> (artifact id: '88b898f7854e90b60c69f63820cced49') in 0.030353 seconds 
========================================================================
Received Import Request.
  Time since last request: 0.000015 seconds.
  path: Assets/V1/TextureSets/T1/S6/V1_T1_S6_Normal.png
  artifactKey: Guid(7042feb8f1d11ff4ab10cc9f29f42c4d) Importer(815301076,1909f56bfc062723c751e8b465ee728b)
Start importing Assets/V1/TextureSets/T1/S6/V1_T1_S6_Normal.png using Guid(7042feb8f1d11ff4ab10cc9f29f42c4d) Importer(815301076,1909f56bfc062723c751e8b465ee728b)  -> (artifact id: '49c67df38597946c122c5c700659aae8') in 0.026116 seconds 
========================================================================
Received Import Request.
  Time since last request: 0.000020 seconds.
  path: Assets/V1/TextureSets/T2/S4/V1_T2_S4_Albedo.png
  artifactKey: Guid(b92da07ddb651114893844548b0e4052) Importer(815301076,1909f56bfc062723c751e8b465ee728b)
Start importing Assets/V1/TextureSets/T2/S4/V1_T2_S4_Albedo.png using Guid(b92da07ddb651114893844548b0e4052) Importer(815301076,1909f56bfc062723c751e8b465ee728b)  -> (artifact id: '3f0f3eb8eadc04ffba192f0f37f380e2') in 0.027222 seconds 
========================================================================
Received Import Request.
  Time since last request: 0.000016 seconds.
  path: Assets/V1/TextureSets/T1/S5/V1_T1_S5_Albedo.png
  artifactKey: Guid(aa367967b1f782c4f8688ca363347d62) Importer(815301076,1909f56bfc062723c751e8b465ee728b)
Start importing Assets/V1/TextureSets/T1/S5/V1_T1_S5_Albedo.png using Guid(aa367967b1f782c4f8688ca363347d62) Importer(815301076,1909f56bfc062723c751e8b465ee728b)  -> (artifact id: 'dd1d39c6631e94ffb5d11d12946c463c') in 0.025822 seconds 
========================================================================
Received Import Request.
  Time since last request: 0.000015 seconds.
  path: Assets/V1/TextureSets/T2/S1/V1_T2_S1_Albedo.png
  artifactKey: Guid(f38f8cade2b7b844cb01ea922331ea0d) Importer(815301076,1909f56bfc062723c751e8b465ee728b)
Start importing Assets/V1/TextureSets/T2/S1/V1_T2_S1_Albedo.png using Guid(f38f8cade2b7b844cb01ea922331ea0d) Importer(815301076,1909f56bfc062723c751e8b465ee728b)  -> (artifact id: '59fdebb9216a0da02413b5929c8e39ba') in 0.033726 seconds 
========================================================================
Received Import Request.
  Time since last request: 0.000015 seconds.
  path: Assets/V1/TextureSets/T2/S3/V1_T2_S3_Normal.png
  artifactKey: Guid(4f41f7aeb8d79ca4890c0204ce92768a) Importer(815301076,1909f56bfc062723c751e8b465ee728b)
Start importing Assets/V1/TextureSets/T2/S3/V1_T2_S3_Normal.png using Guid(4f41f7aeb8d79ca4890c0204ce92768a) Importer(815301076,1909f56bfc062723c751e8b465ee728b)  -> (artifact id: 'd70375fc718d005b9ac8b287833c04f4') in 0.028548 seconds 
========================================================================
Received Import Request.
  Time since last request: 0.029154 seconds.
  path: Assets/V1/TextureSets/T2/S4/V1_T2_S4_Normal.png
  artifactKey: Guid(381b3c3af94774046a8edcef4e21214d) Importer(815301076,1909f56bfc062723c751e8b465ee728b)
Start importing Assets/V1/TextureSets/T2/S4/V1_T2_S4_Normal.png using Guid(381b3c3af94774046a8edcef4e21214d) Importer(815301076,1909f56bfc062723c751e8b465ee728b)  -> (artifact id: '5b43fed06285ff8f6629cf7c337ef644') in 0.017712 seconds 
========================================================================
Received Import Request.
  Time since last request: 0.000018 seconds.
  path: Assets/V1/TextureSets/T2/S6/V1_T2_S6_MetalGloss.tga
  artifactKey: Guid(b4e265ec407ccaa4fb7ed8d1389bda54) Importer(815301076,1909f56bfc062723c751e8b465ee728b)
Start importing Assets/V1/TextureSets/T2/S6/V1_T2_S6_MetalGloss.tga using Guid(b4e265ec407ccaa4fb7ed8d1389bda54) Importer(815301076,1909f56bfc062723c751e8b465ee728b)  -> (artifact id: 'e7170d73d4308b8e1d1bedc1c1dca67c') in 0.033976 seconds 
========================================================================
Received Import Request.
  Time since last request: 0.000017 seconds.
  path: Assets/V1/TextureSets/T2/S6/V1_T2_S6_Albedo.png
  artifactKey: Guid(28c1f0e76384e954bb0b4282fbb34800) Importer(815301076,1909f56bfc062723c751e8b465ee728b)
Start importing Assets/V1/TextureSets/T2/S6/V1_T2_S6_Albedo.png using Guid(28c1f0e76384e954bb0b4282fbb34800) Importer(815301076,1909f56bfc062723c751e8b465ee728b)  -> (artifact id: '98858754e52b233982571f76ceb9e809') in 0.015975 seconds 
Editor requested this worker to shutdown with reason: Scaling down because of idle timeout
AssetImportWorker is now disconnected from the server
Process exiting
Exiting without the bug reporter. Application will terminate with return code 0